"../../../Engine/Content/EditorResources/S_Actor.ubulk" 0
"../../../Engine/Content/EditorResources/S_Actor.uasset" 1
"../../../Engine/Content/EditorResources/S_Actor.uexp" 2
"../../../Engine/Content/EditorResources/S_BoxReflectionCapture.uasset" 3
"../../../Engine/Content/EditorResources/S_BoxReflectionCapture.uexp" 4
"../../../Engine/Content/EngineResources/DefaultTextureCube.uasset" 5
"../../../Engine/Content/EngineResources/DefaultTextureCube.uexp" 6
"../../../Engine/Content/EngineResources/DefaultVolumeTexture2D.uasset" 7
"../../../Engine/Content/EngineResources/DefaultVolumeTexture2D.uexp" 8
"../../../Engine/Content/EngineResources/DefaultVolumeTexture.uasset" 9
"../../../Engine/Content/EngineResources/DefaultVolumeTexture.uexp" 10
"../../../Engine/Content/EditorResources/S_Trigger.ubulk" 11
"../../../Engine/Content/EditorResources/S_Trigger.uasset" 12
"../../../Engine/Content/EditorResources/S_Trigger.uexp" 13
"../../../Engine/Content/EditorResources/S_TriggerBox.uasset" 14
"../../../Engine/Content/EditorResources/S_TriggerBox.uexp" 15
"../../../Engine/Content/EditorResources/S_TriggerCapsule.uasset" 16
"../../../Engine/Content/EditorResources/S_TriggerCapsule.uexp" 17
"../../../Engine/Content/EditorResources/S_TriggerSphere.uasset" 18
"../../../Engine/Content/EditorResources/S_TriggerSphere.uexp" 19
"../../../Engine/Content/EngineMeshes/Sphere.uasset" 20
"../../../Engine/Content/EngineMeshes/Sphere.uexp" 21
"../../../Engine/Content/EngineResources/GradientTexture0.uasset" 22
"../../../Engine/Content/EngineResources/GradientTexture0.uexp" 23
"../../../Engine/Content/EngineResources/Black.uasset" 24
"../../../Engine/Content/EngineResources/Black.uexp" 25
"../../../Engine/Content/VREditor/LaserPointer/VR_LaserPower_01.ubulk" 26
"../../../Engine/Content/VREditor/LaserPointer/VR_LaserPower_01.uasset" 27
"../../../Engine/Content/VREditor/LaserPointer/VR_LaserPower_01.uexp" 28
"../../../Engine/Content/VREditor/TransformGizmo/TransformGizmoMaterial.uasset" 29
"../../../Engine/Content/VREditor/TransformGizmo/TransformGizmoMaterial.uexp" 30
"../../../Engine/Content/VREditor/TransformGizmo/TranslucentTransformGizmoMaterial.uasset" 31
"../../../Engine/Content/VREditor/TransformGizmo/TranslucentTransformGizmoMaterial.uexp" 32
"../../../Engine/Content/VREditor/TransformGizmo/PlaneTranslationHandle.uasset" 33
"../../../Engine/Content/VREditor/TransformGizmo/PlaneTranslationHandle.uexp" 34
"../../../Engine/Content/VREditor/TransformGizmo/BoundingBoxCorner.uasset" 35
"../../../Engine/Content/VREditor/TransformGizmo/BoundingBoxCorner.uexp" 36
"../../../Engine/Content/VREditor/TransformGizmo/BoundingBoxEdge.uasset" 37
"../../../Engine/Content/VREditor/TransformGizmo/BoundingBoxEdge.uexp" 38
"../../../Engine/Content/VREditor/TransformGizmo/Main.uasset" 39
"../../../Engine/Content/VREditor/TransformGizmo/Main.uexp" 40
"../../../Engine/Content/VREditor/TransformGizmo/Xray.uasset" 41
"../../../Engine/Content/VREditor/TransformGizmo/Xray.uexp" 42
"../../../Engine/Content/VREditor/TransformGizmo/SM_Sequencer_Node.uasset" 43
"../../../Engine/Content/VREditor/TransformGizmo/SM_Sequencer_Node.uexp" 44
"../../../Engine/Content/EditorMaterials/Camera/CineMat.uasset" 45
"../../../Engine/Content/EditorMaterials/Camera/CineMat.uexp" 46
"../../../Engine/Content/EditorMaterials/Camera/MI_CineMat_Rig.uasset" 47
"../../../Engine/Content/EditorMaterials/Camera/MI_CineMat_Rig.uexp" 48
"../../../Engine/Content/EditorMeshes/Camera/SM_CraneRig_Base.uasset" 49
"../../../Engine/Content/EditorMeshes/Camera/SM_CraneRig_Base.uexp" 50
"../../../Engine/Content/EditorMeshes/Camera/SM_CraneRig_Arm.uasset" 51
"../../../Engine/Content/EditorMeshes/Camera/SM_CraneRig_Arm.uexp" 52
"../../../Engine/Content/EditorMeshes/Camera/SM_CraneRig_Mount.uasset" 53
"../../../Engine/Content/EditorMeshes/Camera/SM_CraneRig_Mount.uexp" 54
"../../../Engine/Content/EditorMeshes/Camera/SM_CraneRig_Body.uasset" 55
"../../../Engine/Content/EditorMeshes/Camera/SM_CraneRig_Body.uexp" 56
"../../../Engine/Content/EditorMeshes/Camera/SM_RailRig_Track.uasset" 57
"../../../Engine/Content/EditorMeshes/Camera/SM_RailRig_Track.uexp" 58
"../../../Engine/Content/EditorMeshes/Camera/SM_RailRig_Mount.uasset" 59
"../../../Engine/Content/EditorMeshes/Camera/SM_RailRig_Mount.uexp" 60
"../../../Engine/Content/EngineMaterials/T_Default_Material_Grid_M.ubulk" 61
"../../../Engine/Content/EngineMaterials/T_Default_Material_Grid_M.uasset" 62
"../../../Engine/Content/EngineMaterials/T_Default_Material_Grid_M.uexp" 63
"../../../Engine/Content/EngineMaterials/T_Default_Material_Grid_N.ubulk" 64
"../../../Engine/Content/EngineMaterials/T_Default_Material_Grid_N.uasset" 65
"../../../Engine/Content/EngineMaterials/T_Default_Material_Grid_N.uexp" 66
"../../../Engine/Content/Functions/Engine_MaterialFunctions01/Opacity/CameraDepthFade.uasset" 67
"../../../Engine/Content/Functions/Engine_MaterialFunctions01/Opacity/CameraDepthFade.uexp" 68
"../../../Engine/Content/EngineMaterials/WorldGridMaterial.uasset" 69
"../../../Engine/Content/EngineMaterials/WorldGridMaterial.uexp" 70
"../../../Engine/Content/ArtTools/RenderToTexture/Meshes/S_1_Unit_Plane.uasset" 71
"../../../Engine/Content/ArtTools/RenderToTexture/Meshes/S_1_Unit_Plane.uexp" 72
"../../../Engine/Content/EditorMaterials/ParticleSystems/PSysThumbnail_NoImage.ubulk" 73
"../../../Engine/Content/EditorMaterials/ParticleSystems/PSysThumbnail_NoImage.uasset" 74
"../../../Engine/Content/EditorMaterials/ParticleSystems/PSysThumbnail_NoImage.uexp" 75
"../../../Engine/Content/EditorMaterials/ParticleSystems/PSysThumbnail_OOD.ubulk" 76
"../../../Engine/Content/EditorMaterials/ParticleSystems/PSysThumbnail_OOD.uasset" 77
"../../../Engine/Content/EditorMaterials/ParticleSystems/PSysThumbnail_OOD.uexp" 78
"../../../Engine/Content/EditorLandscapeResources/SplineEditorMeshMat.uasset" 79
"../../../Engine/Content/EditorLandscapeResources/SplineEditorMeshMat.uexp" 80
"../../../Engine/Content/EditorLandscapeResources/SplineEditorMesh.uasset" 81
"../../../Engine/Content/EditorLandscapeResources/SplineEditorMesh.uexp" 82
"../../../Engine/Content/EditorResources/S_Solver.ubulk" 83
"../../../Engine/Content/EditorResources/S_Solver.uasset" 84
"../../../Engine/Content/EditorResources/S_Solver.uexp" 85
"../../../Engine/Plugins/Media/MediaPlate/Content/SM_MediaPlateScreen.uasset" 86
"../../../Engine/Plugins/Media/MediaPlate/Content/SM_MediaPlateScreen.uexp" 87
"../../../Engine/Content/EngineMaterials/Good64x64TilingNoiseHighFreq.uasset" 88
"../../../Engine/Content/EngineMaterials/Good64x64TilingNoiseHighFreq.uexp" 89
"../../../Engine/Content/EngineMaterials/DefaultBokeh.uasset" 90
"../../../Engine/Content/EngineMaterials/DefaultBokeh.uexp" 91
"../../../Engine/Content/EngineMaterials/PreintegratedSkinBRDF.uasset" 92
"../../../Engine/Content/EngineMaterials/PreintegratedSkinBRDF.uexp" 93
"../../../Engine/Content/EngineMaterials/MiniFont.uasset" 94
"../../../Engine/Content/EngineMaterials/MiniFont.uexp" 95
"../../../Engine/Content/EngineMaterials/WeightMapPlaceholderTexture.uasset" 96
"../../../Engine/Content/EngineMaterials/WeightMapPlaceholderTexture.uexp" 97
"../../../Engine/Content/EngineMaterials/DefaultWhiteGrid.ubulk" 98
"../../../Engine/Content/EngineMaterials/DefaultWhiteGrid.uasset" 99
"../../../Engine/Content/EngineMaterials/DefaultWhiteGrid.uexp" 100
"../../../Engine/Content/Animation/DefaultRecorderBoneCompression.uasset" 101
"../../../Engine/Content/Animation/DefaultRecorderBoneCompression.uexp" 102
"../../../Engine/Content/Animation/DefaultAnimCurveCompressionSettings.uasset" 103
"../../../Engine/Content/Animation/DefaultAnimCurveCompressionSettings.uexp" 104
"../../../Engine/Content/Animation/DefaultAnimBoneCompressionSettings.uasset" 105
"../../../Engine/Content/Animation/DefaultAnimBoneCompressionSettings.uexp" 106
"../../../Engine/Content/EngineMaterials/DefaultMaterial.uasset" 107
"../../../Engine/Content/EngineMaterials/DefaultMaterial.uexp" 108
"../../../Engine/Content/BasicShapes/Sphere.uasset" 109
"../../../Engine/Content/BasicShapes/Sphere.uexp" 110
"../../../Engine/Content/BasicShapes/Cylinder.uasset" 111
"../../../Engine/Content/BasicShapes/Cylinder.uexp" 112
"../../../Engine/Content/BasicShapes/Cube.uasset" 113
"../../../Engine/Content/BasicShapes/Cube.uexp" 114
"../../../Engine/Content/BasicShapes/Cone.uasset" 115
"../../../Engine/Content/BasicShapes/Cone.uexp" 116
"../../../Engine/Content/EditorLandscapeResources/DefaultAlphaTexture.uasset" 117
"../../../Engine/Content/EditorLandscapeResources/DefaultAlphaTexture.uexp" 118
"../../../Engine/Content/EditorLandscapeResources/DataLayer.uasset" 119
"../../../Engine/Content/EditorLandscapeResources/DataLayer.uexp" 120
"../../../Engine/Content/EditorMaterials/PreviewShadowIndicator.ubulk" 121
"../../../Engine/Content/EditorMaterials/PreviewShadowIndicator.uasset" 122
"../../../Engine/Content/EditorMaterials/PreviewShadowIndicator.uexp" 123
"../../../Engine/Content/EditorMaterials/PreviewShadowIndicatorMaterial.uasset" 124
"../../../Engine/Content/EditorMaterials/PreviewShadowIndicatorMaterial.uexp" 125
"../../../Engine/Content/EditorMaterials/PhAT_UnselectedMaterial.uasset" 126
"../../../Engine/Content/EditorMaterials/PhAT_UnselectedMaterial.uexp" 127
"../../../Engine/Content/EditorMaterials/PhAT_NoCollisionMaterial.uasset" 128
"../../../Engine/Content/EditorMaterials/PhAT_NoCollisionMaterial.uexp" 129
"../../../Engine/Content/Functions/Engine_MaterialFunctions02/Utility/MakeFloat4.uasset" 130
"../../../Engine/Content/Functions/Engine_MaterialFunctions02/Utility/MakeFloat4.uexp" 131
"../../../Engine/Content/Functions/Engine_MaterialFunctions02/Utility/MakeFloat3.uasset" 132
"../../../Engine/Content/Functions/Engine_MaterialFunctions02/Utility/MakeFloat3.uexp" 133
"../../../Engine/Content/Functions/Engine_MaterialFunctions02/Utility/BreakOutFloat3Components.uasset" 134
"../../../Engine/Content/Functions/Engine_MaterialFunctions02/Utility/BreakOutFloat3Components.uexp" 135
"../../../Engine/Content/EditorMaterials/WorldPartition/WorldPartitionSpatialHashGridPreviewMaterial.uasset" 136
"../../../Engine/Content/EditorMaterials/WorldPartition/WorldPartitionSpatialHashGridPreviewMaterial.uexp" 137
"../../../Engine/Content/EditorResources/S_Terrain.ubulk" 138
"../../../Engine/Content/EditorResources/S_Terrain.uasset" 139
"../../../Engine/Content/EditorResources/S_Terrain.uexp" 140
"../../../Engine/Content/EditorResources/EmptyActor.uasset" 141
"../../../Engine/Content/EditorResources/EmptyActor.uexp" 142
"../../../Engine/Content/EditorResources/BSPVertex.uasset" 143
"../../../Engine/Content/EditorResources/BSPVertex.uexp" 144
"../../../Engine/Content/EditorResources/AudioIcons/S_AudioComponent_AutoActivate.uasset" 145
"../../../Engine/Content/EditorResources/AudioIcons/S_AudioComponent_AutoActivate.uexp" 146
"../../../Engine/Content/EditorResources/SequenceRecorder/RecordingIndicator.uasset" 147
"../../../Engine/Content/EditorResources/SequenceRecorder/RecordingIndicator.uexp" 148
"../../../Engine/Content/EditorResources/SequenceRecorder/Countdown.uasset" 149
"../../../Engine/Content/EditorResources/SequenceRecorder/Countdown.uexp" 150
"../../../Engine/Content/EngineDamageTypes/DmgTypeBP_Environmental.uasset" 151
"../../../Engine/Content/EngineDamageTypes/DmgTypeBP_Environmental.uexp" 152
"../../../Engine/Content/Functions/Engine_MaterialFunctions02/Utility/CameraDirectionVector.uasset" 153
"../../../Engine/Content/Functions/Engine_MaterialFunctions02/Utility/CameraDirectionVector.uexp" 154
"../../../Engine/Content/EngineDebugMaterials/VolumeToRender.uasset" 155
"../../../Engine/Content/EngineDebugMaterials/VolumeToRender.uexp" 156
"../../../Engine/Content/EngineDebugMaterials/M_VolumeRenderSphereTracePP.uasset" 157
"../../../Engine/Content/EngineDebugMaterials/M_VolumeRenderSphereTracePP.uexp" 158
"../../../Engine/Content/EngineDebugMaterials/M_SimpleUnlitTranslucent.uasset" 159
"../../../Engine/Content/EngineDebugMaterials/M_SimpleUnlitTranslucent.uexp" 160
"../../../Engine/Content/EngineDebugMaterials/DebugMeshMaterial.uasset" 161
"../../../Engine/Content/EngineDebugMaterials/DebugMeshMaterial.uexp" 162
"../../../Engine/Content/EngineDebugMaterials/DebugEditorMaterial.uasset" 163
"../../../Engine/Content/EngineDebugMaterials/DebugEditorMaterial.uexp" 164
"../../../Engine/Content/EngineFonts/Faces/RobotoLight.uexp" 165
"../../../Engine/Content/EngineFonts/Faces/RobotoLight.uasset" 166
"../../../Engine/Content/EngineFonts/Faces/RobotoLight.ufont" 167
"../../../Engine/Content/EngineFonts/Faces/RobotoBold.uexp" 168
"../../../Engine/Content/EngineFonts/Faces/RobotoBold.uasset" 169
"../../../Engine/Content/EngineFonts/Faces/RobotoBold.ufont" 170
"../../../Engine/Content/EngineFonts/Faces/RobotoRegular.uexp" 171
"../../../Engine/Content/EngineFonts/Faces/RobotoRegular.uasset" 172
"../../../Engine/Content/EngineFonts/Faces/RobotoRegular.ufont" 173
"../../../Engine/Content/EngineFonts/Faces/DroidSansFallback.uexp" 174
"../../../Engine/Content/EngineFonts/Faces/DroidSansFallback.uasset" 175
"../../../Engine/Content/EngineFonts/Faces/DroidSansFallback.ufont" 176
"../../../Engine/Content/EngineFonts/Faces/RobotoItalic.uexp" 177
"../../../Engine/Content/EngineFonts/Faces/RobotoItalic.uasset" 178
"../../../Engine/Content/EngineFonts/Faces/RobotoItalic.ufont" 179
"../../../Engine/Content/EngineFonts/Faces/RobotoBoldItalic.uexp" 180
"../../../Engine/Content/EngineFonts/Faces/RobotoBoldItalic.uasset" 181
"../../../Engine/Content/EngineFonts/Faces/RobotoBoldItalic.ufont" 182
"../../../Engine/Content/EngineFonts/Roboto.uasset" 183
"../../../Engine/Content/EngineFonts/Roboto.uexp" 184
"../../../Engine/Content/EngineResources/WhiteSquareTexture.uasset" 185
"../../../Engine/Content/EngineResources/WhiteSquareTexture.uexp" 186
"../../../Engine/Content/EngineMaterials/Widget3DPassThrough.uasset" 187
"../../../Engine/Content/EngineMaterials/Widget3DPassThrough.uexp" 188
"../../../Engine/Content/EngineMaterials/Widget3DPassThrough_Translucent.uasset" 189
"../../../Engine/Content/EngineMaterials/Widget3DPassThrough_Translucent.uexp" 190
"../../../Engine/Content/EngineMaterials/Widget3DPassThrough_Translucent_OneSided.uasset" 191
"../../../Engine/Content/EngineMaterials/Widget3DPassThrough_Translucent_OneSided.uexp" 192
"../../../Engine/Content/EngineMaterials/Widget3DPassThrough_Opaque.uasset" 193
"../../../Engine/Content/EngineMaterials/Widget3DPassThrough_Opaque.uexp" 194
"../../../Engine/Content/EngineMaterials/Widget3DPassThrough_Opaque_OneSided.uasset" 195
"../../../Engine/Content/EngineMaterials/Widget3DPassThrough_Opaque_OneSided.uexp" 196
"../../../Engine/Content/EngineMaterials/Widget3DPassThrough_Masked_OneSided.uasset" 197
"../../../Engine/Content/EngineMaterials/Widget3DPassThrough_Masked_OneSided.uexp" 198
"../../../Engine/Content/EngineMaterials/Widget3DPassThrough_Masked.uasset" 199
"../../../Engine/Content/EngineMaterials/Widget3DPassThrough_Masked.uexp" 200
"../../../Engine/Content/EngineMaterials/STBlueNoise_vec2_128x128x64.uasset" 201
"../../../Engine/Content/EngineMaterials/STBlueNoise_vec2_128x128x64.uexp" 202
"../../../Engine/Content/EngineMaterials/STBlueNoise_scalar_128x128x64.uasset" 203
"../../../Engine/Content/EngineMaterials/STBlueNoise_scalar_128x128x64.uexp" 204
"../../../Engine/Content/EngineMaterials/RemoveSurfaceMaterial.uasset" 205
"../../../Engine/Content/EngineMaterials/RemoveSurfaceMaterial.uexp" 206
"../../../Engine/Content/EngineMaterials/DefaultCalibrationGrayscale.uasset" 207
"../../../Engine/Content/EngineMaterials/DefaultCalibrationGrayscale.uexp" 208
"../../../Engine/Content/EngineMaterials/PPM_DefaultCalibrationGrayscale.uasset" 209
"../../../Engine/Content/EngineMaterials/PPM_DefaultCalibrationGrayscale.uexp" 210
"../../../Engine/Content/EngineMaterials/DefaultCalibrationColor.uasset" 211
"../../../Engine/Content/EngineMaterials/DefaultCalibrationColor.uexp" 212
"../../../Engine/Content/EngineMaterials/PPM_DefaultCalibrationColor.uasset" 213
"../../../Engine/Content/EngineMaterials/PPM_DefaultCalibrationColor.uexp" 214
"../../../Engine/Content/Functions/Engine_MaterialFunctions02/WorldPositionOffset/CameraOffset.uasset" 215
"../../../Engine/Content/Functions/Engine_MaterialFunctions02/WorldPositionOffset/CameraOffset.uexp" 216
"../../../Engine/Content/EngineMaterials/PhAT_JointLimitMaterial.uasset" 217
"../../../Engine/Content/EngineMaterials/PhAT_JointLimitMaterial.uexp" 218
"../../../Engine/Content/EngineMaterials/InvalidLightmapSettings.ubulk" 219
"../../../Engine/Content/EngineMaterials/InvalidLightmapSettings.uasset" 220
"../../../Engine/Content/EngineMaterials/InvalidLightmapSettings.uexp" 221
"../../../Engine/Content/EngineMaterials/M_InvalidLightmapSettings.uasset" 222
"../../../Engine/Content/EngineMaterials/M_InvalidLightmapSettings.uexp" 223
"../../../Engine/Content/EngineMaterials/GizmoMaterial.uasset" 224
"../../../Engine/Content/EngineMaterials/GizmoMaterial.uexp" 225
"../../../Engine/Content/EngineMaterials/BaseFlattenEmissiveMap_VT.uasset" 226
"../../../Engine/Content/EngineMaterials/BaseFlattenEmissiveMap_VT.uexp" 227
"../../../Engine/Content/EngineMaterials/BaseFlattenGrayscaleMap_VT.uasset" 228
"../../../Engine/Content/EngineMaterials/BaseFlattenGrayscaleMap_VT.uexp" 229
"../../../Engine/Content/EngineMaterials/BaseFlattenLinearColor_VT.uasset" 230
"../../../Engine/Content/EngineMaterials/BaseFlattenLinearColor_VT.uexp" 231
"../../../Engine/Content/EngineMaterials/Black_1x1_EXR_Texture_VT.uasset" 232
"../../../Engine/Content/EngineMaterials/Black_1x1_EXR_Texture_VT.uexp" 233
"../../../Engine/Content/EngineMaterials/BaseFlattenDiffuseMap_VT.uasset" 234
"../../../Engine/Content/EngineMaterials/BaseFlattenDiffuseMap_VT.uexp" 235
"../../../Engine/Content/EngineMaterials/BaseFlattenNormalMap_VT.uasset" 236
"../../../Engine/Content/EngineMaterials/BaseFlattenNormalMap_VT.uexp" 237
"../../../Engine/Content/EngineMaterials/FlattenMaterial_WS_Normal_VT.uasset" 238
"../../../Engine/Content/EngineMaterials/FlattenMaterial_WS_Normal_VT.uexp" 239
"../../../Engine/Content/EngineMaterials/FlattenMaterial_VT.uasset" 240
"../../../Engine/Content/EngineMaterials/FlattenMaterial_VT.uexp" 241
"../../../Engine/Content/EngineMaterials/BaseFlattenNormalMap.uasset" 242
"../../../Engine/Content/EngineMaterials/BaseFlattenNormalMap.uexp" 243
"../../../Engine/Content/EngineMaterials/BaseFlattenGrayscaleMap.uasset" 244
"../../../Engine/Content/EngineMaterials/BaseFlattenGrayscaleMap.uexp" 245
"../../../Engine/Content/EngineMaterials/BaseFlattenDiffuseMap.uasset" 246
"../../../Engine/Content/EngineMaterials/BaseFlattenDiffuseMap.uexp" 247
"../../../Engine/Content/Functions/Engine_MaterialFunctions02/PivotPainter2/Black_1x1_EXR_Texture.uasset" 248
"../../../Engine/Content/Functions/Engine_MaterialFunctions02/PivotPainter2/Black_1x1_EXR_Texture.uexp" 249
"../../../Engine/Content/EngineMaterials/BaseFlattenEmissiveMap.uasset" 250
"../../../Engine/Content/EngineMaterials/BaseFlattenEmissiveMap.uexp" 251
"../../../Engine/Content/EngineMaterials/BaseFlattenLinearColor.uasset" 252
"../../../Engine/Content/EngineMaterials/BaseFlattenLinearColor.uexp" 253
"../../../Engine/Content/EngineMaterials/FlattenMaterial.uasset" 254
"../../../Engine/Content/EngineMaterials/FlattenMaterial.uexp" 255
"../../../Engine/Content/EngineMaterials/DefaultWhiteGrid_Low.uasset" 256
"../../../Engine/Content/EngineMaterials/DefaultWhiteGrid_Low.uexp" 257
"../../../Engine/Content/EngineMaterials/EmissiveMeshMaterial.uasset" 258
"../../../Engine/Content/EngineMaterials/EmissiveMeshMaterial.uexp" 259
"../../../Engine/Content/EngineFonts/RobotoDistanceField.uasset" 260
"../../../Engine/Content/EngineFonts/RobotoDistanceField.uexp" 261
"../../../Engine/Content/EngineMaterials/DefaultTextMaterialOpaque.uasset" 262
"../../../Engine/Content/EngineMaterials/DefaultTextMaterialOpaque.uexp" 263
"../../../Engine/Content/EngineMaterials/DefaultDiffuse.ubulk" 264
"../../../Engine/Content/EngineMaterials/DefaultDiffuse.uasset" 265
"../../../Engine/Content/EngineMaterials/DefaultDiffuse.uexp" 266
"../../../Engine/Content/Functions/Engine_MaterialFunctions02/Utility/BreakOutFloat2Components.uasset" 267
"../../../Engine/Content/Functions/Engine_MaterialFunctions02/Utility/BreakOutFloat2Components.uexp" 268
"../../../Engine/Content/EngineMaterials/DefaultPostProcessMaterial.uasset" 269
"../../../Engine/Content/EngineMaterials/DefaultPostProcessMaterial.uexp" 270
"../../../Engine/Content/EngineMaterials/DefaultPhysicalMaterial.uasset" 271
"../../../Engine/Content/EngineMaterials/DefaultPhysicalMaterial.uexp" 272
"../../../Engine/Content/EngineMaterials/DefaultLightFunctionMaterial.uasset" 273
"../../../Engine/Content/EngineMaterials/DefaultLightFunctionMaterial.uexp" 274
"../../../Engine/Content/EngineMaterials/DefaultDestructiblePhysicalMaterial.uasset" 275
"../../../Engine/Content/EngineMaterials/DefaultDestructiblePhysicalMaterial.uexp" 276
"../../../Engine/Content/EngineMaterials/DefaultDeferredDecalMaterial.uasset" 277
"../../../Engine/Content/EngineMaterials/DefaultDeferredDecalMaterial.uexp" 278
"../../../Engine/Content/EngineMaterials/DefaultBloomKernel.uasset" 279
"../../../Engine/Content/EngineMaterials/DefaultBloomKernel.uexp" 280
"../../../Engine/Content/EngineResources/FilmGrains/Marcie_Grain_v3_128_M2_000.uasset" 281
"../../../Engine/Content/EngineResources/FilmGrains/Marcie_Grain_v3_128_M2_000.uexp" 282
"../../../Engine/Content/EngineSky/VolumetricClouds/CloudWeatherTexture.uasset" 283
"../../../Engine/Content/EngineSky/VolumetricClouds/CloudWeatherTexture.uexp" 284
"../../../Engine/Content/Functions/Engine_MaterialFunctions02/Utility/MakeFloat2.uasset" 285
"../../../Engine/Content/Functions/Engine_MaterialFunctions02/Utility/MakeFloat2.uexp" 286
"../../../Engine/Content/EngineSky/VolumetricClouds/CloudGradientTexture.uasset" 287
"../../../Engine/Content/EngineSky/VolumetricClouds/CloudGradientTexture.uexp" 288
"../../../Engine/Content/EngineSky/VolumetricClouds/T_NoiseShape64.ubulk" 289
"../../../Engine/Content/EngineSky/VolumetricClouds/T_NoiseShape64.uasset" 290
"../../../Engine/Content/EngineSky/VolumetricClouds/T_NoiseShape64.uexp" 291
"../../../Engine/Content/EngineSky/VolumetricClouds/T_VolumeNoiseShape64.uasset" 292
"../../../Engine/Content/EngineSky/VolumetricClouds/T_VolumeNoiseShape64.uexp" 293
"../../../Engine/Content/EngineSky/VolumetricClouds/T_NoiseErosion.ubulk" 294
"../../../Engine/Content/EngineSky/VolumetricClouds/T_NoiseErosion.uasset" 295
"../../../Engine/Content/EngineSky/VolumetricClouds/T_NoiseErosion.uexp" 296
"../../../Engine/Content/EngineSky/VolumetricClouds/T_VolumeNoiseErosion32.uasset" 297
"../../../Engine/Content/EngineSky/VolumetricClouds/T_VolumeNoiseErosion32.uexp" 298
"../../../Engine/Content/EngineSky/VolumetricClouds/m_SimpleVolumetricCloud.uasset" 299
"../../../Engine/Content/EngineSky/VolumetricClouds/m_SimpleVolumetricCloud.uexp" 300
"../../../Engine/Content/EngineSky/VolumetricClouds/m_SimpleVolumetricCloud_Inst.uasset" 301
"../../../Engine/Content/EngineSky/VolumetricClouds/m_SimpleVolumetricCloud_Inst.uexp" 302
"../../../Engine/Content/EngineSounds/Master.uasset" 303
"../../../Engine/Content/EngineSounds/Master.uexp" 304
"../../../Engine/Content/Functions/Engine_MaterialFunctions01/Shading/PowerToRoughness.uasset" 305
"../../../Engine/Content/Functions/Engine_MaterialFunctions01/Shading/PowerToRoughness.uexp" 306
"../../../Engine/Plugins/Editor/SpeedTreeImporter/Content/SpeedTree9/game_wind_noise.ubulk" 307
"../../../Engine/Plugins/Editor/SpeedTreeImporter/Content/SpeedTree9/game_wind_noise.uasset" 308
"../../../Engine/Plugins/Editor/SpeedTreeImporter/Content/SpeedTree9/game_wind_noise.uexp" 309
"../../../Engine/Plugins/Editor/SpeedTreeImporter/Content/SpeedTree9/UnpackDirection.uasset" 310
"../../../Engine/Plugins/Editor/SpeedTreeImporter/Content/SpeedTree9/UnpackDirection.uexp" 311
"../../../Engine/Content/Functions/Engine_MaterialFunctions02/ObjectLocalBounds.uasset" 312
"../../../Engine/Content/Functions/Engine_MaterialFunctions02/ObjectLocalBounds.uexp" 313
"../../../Engine/Content/Functions/Engine_MaterialFunctions02/UVs/BoundingBoxBased_0-1_UVW.uasset" 314
"../../../Engine/Content/Functions/Engine_MaterialFunctions02/UVs/BoundingBoxBased_0-1_UVW.uexp" 315
"../../../Engine/Content/Functions/Engine_MaterialFunctions02/Utility/VectorLength.uasset" 316
"../../../Engine/Content/Functions/Engine_MaterialFunctions02/Utility/VectorLength.uexp" 317
"../../../Engine/Plugins/Editor/SpeedTreeImporter/Content/SpeedTree9/UnpackInteger3.uasset" 318
"../../../Engine/Plugins/Editor/SpeedTreeImporter/Content/SpeedTree9/UnpackInteger3.uexp" 319
"../../../Engine/Plugins/Editor/SpeedTreeImporter/Content/SpeedTree9/SpeedTreeCameraFacing.uasset" 320
"../../../Engine/Plugins/Editor/SpeedTreeImporter/Content/SpeedTree9/SpeedTreeCameraFacing.uexp" 321
"../../../Engine/Content/Functions/Engine_MaterialFunctions02/WorldPositionOffset/ObjectScale.uasset" 322
"../../../Engine/Content/Functions/Engine_MaterialFunctions02/WorldPositionOffset/ObjectScale.uexp" 323
"../../../Engine/Content/Functions/Engine_MaterialFunctions02/SafeNormalize.uasset" 324
"../../../Engine/Content/Functions/Engine_MaterialFunctions02/SafeNormalize.uexp" 325
"../../../Engine/Plugins/Editor/SpeedTreeImporter/Content/SpeedTree9/SpeedTreeWindMotion.uasset" 326
"../../../Engine/Plugins/Editor/SpeedTreeImporter/Content/SpeedTree9/SpeedTreeWindMotion.uexp" 327
"../../../Engine/Plugins/Editor/SpeedTreeImporter/Content/SpeedTree9/SpeedTreeBranchMotion.uasset" 328
"../../../Engine/Plugins/Editor/SpeedTreeImporter/Content/SpeedTree9/SpeedTreeBranchMotion.uexp" 329
"../../../Engine/Plugins/Editor/SpeedTreeImporter/Content/SpeedTree9/SpeedTreeWind.uasset" 330
"../../../Engine/Plugins/Editor/SpeedTreeImporter/Content/SpeedTree9/SpeedTreeWind.uexp" 331
"../../../Engine/Plugins/Editor/SpeedTreeImporter/Content/SpeedTree9/EmptyNormal.uasset" 332
"../../../Engine/Plugins/Editor/SpeedTreeImporter/Content/SpeedTree9/EmptyNormal.uexp" 333
"../../../Engine/Plugins/Editor/SpeedTreeImporter/Content/SpeedTree9/Empty.uasset" 334
"../../../Engine/Plugins/Editor/SpeedTreeImporter/Content/SpeedTree9/Empty.uexp" 335
"../../../Engine/Plugins/Editor/SpeedTreeImporter/Content/SpeedTree9/SpeedTreeMaster.uasset" 336
"../../../Engine/Plugins/Editor/SpeedTreeImporter/Content/SpeedTree9/SpeedTreeMaster.uexp" 337
"../../../Engine/Plugins/Editor/SpeedTreeImporter/Content/SpeedTree9/SpeedTreeBillboard.uasset" 338
"../../../Engine/Plugins/Editor/SpeedTreeImporter/Content/SpeedTree9/SpeedTreeBillboard.uexp" 339
"../../../Engine/Plugins/Editor/SpeedTreeImporter/Content/SpeedTree9/SpeedTreeBillboardMaster.uasset" 340
"../../../Engine/Plugins/Editor/SpeedTreeImporter/Content/SpeedTree9/SpeedTreeBillboardMaster.uexp" 341
"../../../Engine/Plugins/Animation/ControlRig/Content/M_Manip.uasset" 342
"../../../Engine/Plugins/Animation/ControlRig/Content/M_Manip.uexp" 343
"../../../Engine/Plugins/Animation/ControlRig/Content/Controls/DefaultGizmoLibraryNormalized.uasset" 344
"../../../Engine/Plugins/Animation/ControlRig/Content/Controls/DefaultGizmoLibraryNormalized.uexp" 345
"../../../Engine/Plugins/Animation/ControlRig/Content/Controls/ControlRig_Wedge_solid.uasset" 346
"../../../Engine/Plugins/Animation/ControlRig/Content/Controls/ControlRig_Wedge_solid.uexp" 347
"../../../Engine/Plugins/Animation/ControlRig/Content/Controls/ControlRig_Wedge_3mm.uasset" 348
"../../../Engine/Plugins/Animation/ControlRig/Content/Controls/ControlRig_Wedge_3mm.uexp" 349
"../../../Engine/Plugins/Animation/ControlRig/Content/Controls/ControlRig_Wedge_1mm.uasset" 350
"../../../Engine/Plugins/Animation/ControlRig/Content/Controls/ControlRig_Wedge_1mm.uexp" 351
"../../../Engine/Plugins/Animation/ControlRig/Content/Controls/ControlRig_Triangle_solid.uasset" 352
"../../../Engine/Plugins/Animation/ControlRig/Content/Controls/ControlRig_Triangle_solid.uexp" 353
"../../../Engine/Plugins/Animation/ControlRig/Content/Controls/ControlRig_Triangle_3mm.uasset" 354
"../../../Engine/Plugins/Animation/ControlRig/Content/Controls/ControlRig_Triangle_3mm.uexp" 355
"../../../Engine/Plugins/Animation/ControlRig/Content/Controls/ControlRig_Triangle_1mm.uasset" 356
"../../../Engine/Plugins/Animation/ControlRig/Content/Controls/ControlRig_Triangle_1mm.uexp" 357
"../../../Engine/Plugins/Animation/ControlRig/Content/Controls/ControlRig_Star4_solid.uasset" 358
"../../../Engine/Plugins/Animation/ControlRig/Content/Controls/ControlRig_Star4_solid.uexp" 359
"../../../Engine/Plugins/Animation/ControlRig/Content/Controls/ControlRig_Star4_3mm.uasset" 360
"../../../Engine/Plugins/Animation/ControlRig/Content/Controls/ControlRig_Star4_3mm.uexp" 361
"../../../Engine/Plugins/Animation/ControlRig/Content/Controls/ControlRig_Star4_1mm.uasset" 362
"../../../Engine/Plugins/Animation/ControlRig/Content/Controls/ControlRig_Star4_1mm.uexp" 363
"../../../Engine/Plugins/Animation/ControlRig/Content/Controls/ControlRig_Square_solid.uasset" 364
"../../../Engine/Plugins/Animation/ControlRig/Content/Controls/ControlRig_Square_solid.uexp" 365
"../../../Engine/Plugins/Animation/ControlRig/Content/Controls/ControlRig_Square_3mm.uasset" 366
"../../../Engine/Plugins/Animation/ControlRig/Content/Controls/ControlRig_Square_3mm.uexp" 367
"../../../Engine/Plugins/Animation/ControlRig/Content/Controls/ControlRig_Square_1mm.uasset" 368
"../../../Engine/Plugins/Animation/ControlRig/Content/Controls/ControlRig_Square_1mm.uexp" 369
"../../../Engine/Plugins/Animation/ControlRig/Content/Controls/ControlRig_Sphere_solid.uasset" 370
"../../../Engine/Plugins/Animation/ControlRig/Content/Controls/ControlRig_Sphere_solid.uexp" 371
"../../../Engine/Plugins/Animation/ControlRig/Content/Controls/ControlRig_Sphere_3mm.uasset" 372
"../../../Engine/Plugins/Animation/ControlRig/Content/Controls/ControlRig_Sphere_3mm.uexp" 373
"../../../Engine/Plugins/Animation/ControlRig/Content/Controls/ControlRig_Sphere_1mm.uasset" 374
"../../../Engine/Plugins/Animation/ControlRig/Content/Controls/ControlRig_Sphere_1mm.uexp" 375
"../../../Engine/Plugins/Animation/ControlRig/Content/Controls/ControlRig_RoundedTriangle_solid.uasset" 376
"../../../Engine/Plugins/Animation/ControlRig/Content/Controls/ControlRig_RoundedTriangle_solid.uexp" 377
"../../../Engine/Plugins/Animation/ControlRig/Content/Controls/ControlRig_RoundedTriangle_3mm.uasset" 378
"../../../Engine/Plugins/Animation/ControlRig/Content/Controls/ControlRig_RoundedTriangle_3mm.uexp" 379
"../../../Engine/Plugins/Animation/ControlRig/Content/Controls/ControlRig_RoundedTriangle_1mm.uasset" 380
"../../../Engine/Plugins/Animation/ControlRig/Content/Controls/ControlRig_RoundedTriangle_1mm.uexp" 381
"../../../Engine/Plugins/Animation/ControlRig/Content/Controls/ControlRig_RoundedSquare_solid.uasset" 382
"../../../Engine/Plugins/Animation/ControlRig/Content/Controls/ControlRig_RoundedSquare_solid.uexp" 383
"../../../Engine/Plugins/Animation/ControlRig/Content/Controls/ControlRig_RoundedSquare_3mm.uasset" 384
"../../../Engine/Plugins/Animation/ControlRig/Content/Controls/ControlRig_RoundedSquare_3mm.uexp" 385
"../../../Engine/Plugins/Animation/ControlRig/Content/Controls/ControlRig_RoundedSquare_1mm.uasset" 386
"../../../Engine/Plugins/Animation/ControlRig/Content/Controls/ControlRig_RoundedSquare_1mm.uexp" 387
"../../../Engine/Plugins/Animation/ControlRig/Content/Controls/ControlRig_QuarterCircle_solid.uasset" 388
"../../../Engine/Plugins/Animation/ControlRig/Content/Controls/ControlRig_QuarterCircle_solid.uexp" 389
"../../../Engine/Plugins/Animation/ControlRig/Content/Controls/ControlRig_QuarterCircle_3mm.uasset" 390
"../../../Engine/Plugins/Animation/ControlRig/Content/Controls/ControlRig_QuarterCircle_3mm.uexp" 391
"../../../Engine/Plugins/Animation/ControlRig/Content/Controls/ControlRig_QuarterCircle_1mm.uasset" 392
"../../../Engine/Plugins/Animation/ControlRig/Content/Controls/ControlRig_QuarterCircle_1mm.uexp" 393
"../../../Engine/Plugins/Animation/ControlRig/Content/Controls/ControlRig_Pyramid_solid.uasset" 394
"../../../Engine/Plugins/Animation/ControlRig/Content/Controls/ControlRig_Pyramid_solid.uexp" 395
"../../../Engine/Plugins/Animation/ControlRig/Content/Controls/ControlRig_Pyramid_3mm.uasset" 396
"../../../Engine/Plugins/Animation/ControlRig/Content/Controls/ControlRig_Pyramid_3mm.uexp" 397
"../../../Engine/Plugins/Animation/ControlRig/Content/Controls/ControlRig_Pyramid_1mm.uasset" 398
"../../../Engine/Plugins/Animation/ControlRig/Content/Controls/ControlRig_Pyramid_1mm.uexp" 399
"../../../Engine/Plugins/Animation/ControlRig/Content/Controls/ControlRig_Octagon_solid.uasset" 400
"../../../Engine/Plugins/Animation/ControlRig/Content/Controls/ControlRig_Octagon_solid.uexp" 401
"../../../Engine/Plugins/Animation/ControlRig/Content/Controls/ControlRig_Octagon_3mm.uasset" 402
"../../../Engine/Plugins/Animation/ControlRig/Content/Controls/ControlRig_Octagon_3mm.uexp" 403
"../../../Engine/Plugins/Animation/ControlRig/Content/Controls/ControlRig_Octagon_1mm.uasset" 404
"../../../Engine/Plugins/Animation/ControlRig/Content/Controls/ControlRig_Octagon_1mm.uexp" 405
"../../../Engine/Plugins/Animation/ControlRig/Content/Controls/ControlRig_Hexagon_solid.uasset" 406
"../../../Engine/Plugins/Animation/ControlRig/Content/Controls/ControlRig_Hexagon_solid.uexp" 407
"../../../Engine/Plugins/Animation/ControlRig/Content/Controls/ControlRig_Hexagon_3mm.uasset" 408
"../../../Engine/Plugins/Animation/ControlRig/Content/Controls/ControlRig_Hexagon_3mm.uexp" 409
"../../../Engine/Plugins/Animation/ControlRig/Content/Controls/ControlRig_Hexagon_1mm.uasset" 410
"../../../Engine/Plugins/Animation/ControlRig/Content/Controls/ControlRig_Hexagon_1mm.uexp" 411
"../../../Engine/Plugins/Animation/ControlRig/Content/Controls/ControlRig_HalfCircle_solid.uasset" 412
"../../../Engine/Plugins/Animation/ControlRig/Content/Controls/ControlRig_HalfCircle_solid.uexp" 413
"../../../Engine/Plugins/Animation/ControlRig/Content/Controls/ControlRig_HalfCircle_3mm.uasset" 414
"../../../Engine/Plugins/Animation/ControlRig/Content/Controls/ControlRig_HalfCircle_3mm.uexp" 415
"../../../Engine/Plugins/Animation/ControlRig/Content/Controls/ControlRig_HalfCircle_1mm.uasset" 416
"../../../Engine/Plugins/Animation/ControlRig/Content/Controls/ControlRig_HalfCircle_1mm.uexp" 417
"../../../Engine/Plugins/Animation/ControlRig/Content/Controls/ControlRig_Diamond_solid.uasset" 418
"../../../Engine/Plugins/Animation/ControlRig/Content/Controls/ControlRig_Diamond_solid.uexp" 419
"../../../Engine/Plugins/Animation/ControlRig/Content/Controls/ControlRig_Diamond_3mm.uasset" 420
"../../../Engine/Plugins/Animation/ControlRig/Content/Controls/ControlRig_Diamond_3mm.uexp" 421
"../../../Engine/Plugins/Animation/ControlRig/Content/Controls/ControlRig_Diamond_1mm.uasset" 422
"../../../Engine/Plugins/Animation/ControlRig/Content/Controls/ControlRig_Diamond_1mm.uexp" 423
"../../../Engine/Plugins/Animation/ControlRig/Content/Controls/ControlRig_Circle_solid.uasset" 424
"../../../Engine/Plugins/Animation/ControlRig/Content/Controls/ControlRig_Circle_solid.uexp" 425
"../../../Engine/Plugins/Animation/ControlRig/Content/Controls/ControlRig_Circle_3mm.uasset" 426
"../../../Engine/Plugins/Animation/ControlRig/Content/Controls/ControlRig_Circle_3mm.uexp" 427
"../../../Engine/Plugins/Animation/ControlRig/Content/Controls/ControlRig_Circle_1mm.uasset" 428
"../../../Engine/Plugins/Animation/ControlRig/Content/Controls/ControlRig_Circle_1mm.uexp" 429
"../../../Engine/Plugins/Animation/ControlRig/Content/Controls/ControlRig_Box_solid.uasset" 430
"../../../Engine/Plugins/Animation/ControlRig/Content/Controls/ControlRig_Box_solid.uexp" 431
"../../../Engine/Plugins/Animation/ControlRig/Content/Controls/ControlRig_Box_3mm.uasset" 432
"../../../Engine/Plugins/Animation/ControlRig/Content/Controls/ControlRig_Box_3mm.uexp" 433
"../../../Engine/Plugins/Animation/ControlRig/Content/Controls/ControlRig_Box_1mm.uasset" 434
"../../../Engine/Plugins/Animation/ControlRig/Content/Controls/ControlRig_Box_1mm.uexp" 435
"../../../Engine/Plugins/Animation/ControlRig/Content/Controls/ControlRig_Arrow_solid.uasset" 436
"../../../Engine/Plugins/Animation/ControlRig/Content/Controls/ControlRig_Arrow_solid.uexp" 437
"../../../Engine/Plugins/Animation/ControlRig/Content/Controls/ControlRig_Arrow_3mm.uasset" 438
"../../../Engine/Plugins/Animation/ControlRig/Content/Controls/ControlRig_Arrow_3mm.uexp" 439
"../../../Engine/Plugins/Animation/ControlRig/Content/Controls/ControlRig_Arrow_1mm.uasset" 440
"../../../Engine/Plugins/Animation/ControlRig/Content/Controls/ControlRig_Arrow_1mm.uexp" 441
"../../../Engine/Plugins/Animation/ControlRig/Content/Controls/ControlRig_Arrow4_solid.uasset" 442
"../../../Engine/Plugins/Animation/ControlRig/Content/Controls/ControlRig_Arrow4_solid.uexp" 443
"../../../Engine/Plugins/Animation/ControlRig/Content/Controls/ControlRig_Arrow4_3mm.uasset" 444
"../../../Engine/Plugins/Animation/ControlRig/Content/Controls/ControlRig_Arrow4_3mm.uexp" 445
"../../../Engine/Plugins/Animation/ControlRig/Content/Controls/ControlRig_Arrow4_1mm.uasset" 446
"../../../Engine/Plugins/Animation/ControlRig/Content/Controls/ControlRig_Arrow4_1mm.uexp" 447
"../../../Engine/Plugins/Animation/ControlRig/Content/Controls/ControlRig_Arrow2_solid.uasset" 448
"../../../Engine/Plugins/Animation/ControlRig/Content/Controls/ControlRig_Arrow2_solid.uexp" 449
"../../../Engine/Plugins/Animation/ControlRig/Content/Controls/ControlRig_Arrow2_3mm.uasset" 450
"../../../Engine/Plugins/Animation/ControlRig/Content/Controls/ControlRig_Arrow2_3mm.uexp" 451
"../../../Engine/Plugins/Animation/ControlRig/Content/Controls/ControlRig_Arrow2_1mm.uasset" 452
"../../../Engine/Plugins/Animation/ControlRig/Content/Controls/ControlRig_Arrow2_1mm.uexp" 453
"../../../Engine/Plugins/Animation/ControlRig/Content/Controls/ControlRigXRayMaterial.uasset" 454
"../../../Engine/Plugins/Animation/ControlRig/Content/Controls/ControlRigXRayMaterial.uexp" 455
"../../../Engine/Plugins/Animation/ControlRig/Content/Controls/ControlRigGizmoMaterial.uasset" 456
"../../../Engine/Plugins/Animation/ControlRig/Content/Controls/ControlRigGizmoMaterial.uexp" 457
"../../../Engine/Plugins/2D/Paper2D/Content/PlaceholderTextures/DummySpriteTexture.ubulk" 458
"../../../Engine/Plugins/2D/Paper2D/Content/PlaceholderTextures/DummySpriteTexture.uasset" 459
"../../../Engine/Plugins/2D/Paper2D/Content/PlaceholderTextures/DummySpriteTexture.uexp" 460
"../../../Engine/Plugins/2D/Paper2D/Content/DefaultSpriteMaterial.uasset" 461
"../../../Engine/Plugins/2D/Paper2D/Content/DefaultSpriteMaterial.uexp" 462
"../../../Engine/Plugins/2D/Paper2D/Content/OpaqueUnlitSpriteMaterial.uasset" 463
"../../../Engine/Plugins/2D/Paper2D/Content/OpaqueUnlitSpriteMaterial.uexp" 464
"../../../Engine/Plugins/2D/Paper2D/Content/MaskedUnlitSpriteMaterial.uasset" 465
"../../../Engine/Plugins/2D/Paper2D/Content/MaskedUnlitSpriteMaterial.uexp" 466
"../../../Engine/Plugins/2D/Paper2D/Content/DummySprite.uasset" 467
"../../../Engine/Plugins/2D/Paper2D/Content/DummySprite.uexp" 468
"../../../Engine/Plugins/2D/Paper2D/Content/DefaultPaperTerrainMaterial.uasset" 469
"../../../Engine/Plugins/2D/Paper2D/Content/DefaultPaperTerrainMaterial.uexp" 470
"../../../Engine/Content/Functions/Engine_MaterialFunctions02/Texturing/CustomRotator.uasset" 471
"../../../Engine/Content/Functions/Engine_MaterialFunctions02/Texturing/CustomRotator.uexp" 472
"../../../Engine/Content/Functions/Engine_MaterialFunctions02/Texturing/ScreenAlignedPixelToPixelUVs.uasset" 473
"../../../Engine/Content/Functions/Engine_MaterialFunctions02/Texturing/ScreenAlignedPixelToPixelUVs.uexp" 474
"../../../Engine/Plugins/Interchange/Runtime/Content/Utilities/T_Bayer64_Grayscale_64px.uasset" 475
"../../../Engine/Plugins/Interchange/Runtime/Content/Utilities/T_Bayer64_Grayscale_64px.uexp" 476
"../../../Engine/Plugins/Interchange/Runtime/Content/gltf/MaterialFunctions/MF_Temporal_Blur.uasset" 477
"../../../Engine/Plugins/Interchange/Runtime/Content/gltf/MaterialFunctions/MF_Temporal_Blur.uexp" 478
"../../../Engine/Plugins/Interchange/Runtime/Content/gltf/MaterialFunctions/MF_Fresnel_DS.uasset" 479
"../../../Engine/Plugins/Interchange/Runtime/Content/gltf/MaterialFunctions/MF_Fresnel_DS.uexp" 480
"../../../Engine/Plugins/Interchange/Runtime/Content/Functions/MX_Transmission.uasset" 481
"../../../Engine/Plugins/Interchange/Runtime/Content/Functions/MX_Transmission.uexp" 482
"../../../Engine/Plugins/Interchange/Runtime/Content/Functions/MF_OrenNayerView.uasset" 483
"../../../Engine/Plugins/Interchange/Runtime/Content/Functions/MF_OrenNayerView.uexp" 484
"../../../Engine/Plugins/Interchange/Runtime/Content/Functions/MF_SchlickApprox.uasset" 485
"../../../Engine/Plugins/Interchange/Runtime/Content/Functions/MF_SchlickApprox.uexp" 486
"../../../Engine/Plugins/Interchange/Runtime/Content/Utilities/New_LUT.uasset" 487
"../../../Engine/Plugins/Interchange/Runtime/Content/Utilities/New_LUT.uexp" 488
"../../../Engine/Content/Functions/Engine_MaterialFunctions03/Math/RemapValueRange.uasset" 489
"../../../Engine/Content/Functions/Engine_MaterialFunctions03/Math/RemapValueRange.uexp" 490
"../../../Engine/Plugins/Interchange/Runtime/Content/Functions/MF_Iridescence.uasset" 491
"../../../Engine/Plugins/Interchange/Runtime/Content/Functions/MF_Iridescence.uexp" 492
"../../../Engine/Plugins/Interchange/Runtime/Content/Functions/MX_StandardSurface.uasset" 493
"../../../Engine/Plugins/Interchange/Runtime/Content/Functions/MX_StandardSurface.uexp" 494
"../../../Engine/Plugins/Interchange/Runtime/Content/Functions/MX_TransmissionSurface.uasset" 495
"../../../Engine/Plugins/Interchange/Runtime/Content/Functions/MX_TransmissionSurface.uexp" 496
"../../../Engine/Content/Functions/Engine_MaterialFunctions02/Math/AddComponents.uasset" 497
"../../../Engine/Content/Functions/Engine_MaterialFunctions02/Math/AddComponents.uexp" 498
"../../../Engine/Content/Functions/Engine_MaterialFunctions02/WorldPositionOffset/V2/ObjectScale.uasset" 499
"../../../Engine/Content/Functions/Engine_MaterialFunctions02/WorldPositionOffset/V2/ObjectScale.uexp" 500
"../../../Engine/Plugins/Interchange/Runtime/Content/gltf/MaterialFunctions/MF_TransmissionOpacity.uasset" 501
"../../../Engine/Plugins/Interchange/Runtime/Content/gltf/MaterialFunctions/MF_TransmissionOpacity.uexp" 502
"../../../Engine/Plugins/Interchange/Runtime/Content/gltf/MaterialFunctions/MF_RotateV2.uasset" 503
"../../../Engine/Plugins/Interchange/Runtime/Content/gltf/MaterialFunctions/MF_RotateV2.uexp" 504
"../../../Engine/Plugins/Interchange/Runtime/Content/gltf/MaterialFunctions/MF_TransformUVs.uasset" 505
"../../../Engine/Plugins/Interchange/Runtime/Content/gltf/MaterialFunctions/MF_TransformUVs.uexp" 506
"../../../Engine/Plugins/Interchange/Runtime/Content/gltf/Textures/T_White_srgb.uasset" 507
"../../../Engine/Plugins/Interchange/Runtime/Content/gltf/Textures/T_White_srgb.uexp" 508
"../../../Engine/Plugins/Interchange/Runtime/Content/gltf/MaterialFunctions/MF_BaseColor.uasset" 509
"../../../Engine/Plugins/Interchange/Runtime/Content/gltf/MaterialFunctions/MF_BaseColor.uexp" 510
"../../../Engine/Plugins/Interchange/Runtime/Content/gltf/MaterialFunctions/MF_DiffuseSpecGloss.uasset" 511
"../../../Engine/Plugins/Interchange/Runtime/Content/gltf/MaterialFunctions/MF_DiffuseSpecGloss.uexp" 512
"../../../Engine/Plugins/Interchange/Runtime/Content/gltf/Textures/T_White_Linear.uasset" 513
"../../../Engine/Plugins/Interchange/Runtime/Content/gltf/Textures/T_White_Linear.uexp" 514
"../../../Engine/Plugins/Interchange/Runtime/Content/gltf/MaterialFunctions/MF_MetallicRoughness.uasset" 515
"../../../Engine/Plugins/Interchange/Runtime/Content/gltf/MaterialFunctions/MF_MetallicRoughness.uexp" 516
"../../../Engine/Plugins/Interchange/Runtime/Content/gltf/MaterialFunctions/MF_Transmission.uasset" 517
"../../../Engine/Plugins/Interchange/Runtime/Content/gltf/MaterialFunctions/MF_Transmission.uexp" 518
"../../../Engine/Plugins/Interchange/Runtime/Content/gltf/MaterialFunctions/MF_Occlusion.uasset" 519
"../../../Engine/Plugins/Interchange/Runtime/Content/gltf/MaterialFunctions/MF_Occlusion.uexp" 520
"../../../Engine/Plugins/Interchange/Runtime/Content/gltf/MaterialFunctions/MF_Specular.uasset" 521
"../../../Engine/Plugins/Interchange/Runtime/Content/gltf/MaterialFunctions/MF_Specular.uexp" 522
"../../../Engine/Plugins/Interchange/Runtime/Content/gltf/MaterialFunctions/MF_IOR.uasset" 523
"../../../Engine/Plugins/Interchange/Runtime/Content/gltf/MaterialFunctions/MF_IOR.uexp" 524
"../../../Engine/Content/Functions/Engine_MaterialFunctions01/Texturing/FlattenNormal.uasset" 525
"../../../Engine/Content/Functions/Engine_MaterialFunctions01/Texturing/FlattenNormal.uexp" 526
"../../../Engine/Content/Functions/Engine_MaterialFunctions02/Math/Transform3x3Matrix.uasset" 527
"../../../Engine/Content/Functions/Engine_MaterialFunctions02/Math/Transform3x3Matrix.uexp" 528
"../../../Engine/Plugins/Interchange/Runtime/Content/gltf/MaterialFunctions/MF_RotateNormals_TS.uasset" 529
"../../../Engine/Plugins/Interchange/Runtime/Content/gltf/MaterialFunctions/MF_RotateNormals_TS.uexp" 530
"../../../Engine/Plugins/Interchange/Runtime/Content/gltf/Textures/T_Generic_N.uasset" 531
"../../../Engine/Plugins/Interchange/Runtime/Content/gltf/Textures/T_Generic_N.uexp" 532
"../../../Engine/Plugins/Interchange/Runtime/Content/gltf/MaterialFunctions/MF_Normals.uasset" 533
"../../../Engine/Plugins/Interchange/Runtime/Content/gltf/MaterialFunctions/MF_Normals.uexp" 534
"../../../Engine/Plugins/Interchange/Runtime/Content/gltf/MaterialFunctions/MF_PerceivedBrightness.uasset" 535
"../../../Engine/Plugins/Interchange/Runtime/Content/gltf/MaterialFunctions/MF_PerceivedBrightness.uexp" 536
"../../../Engine/Plugins/Interchange/Runtime/Content/gltf/MaterialFunctions/MF_SpecGlossToMetalRoughness.uasset" 537
"../../../Engine/Plugins/Interchange/Runtime/Content/gltf/MaterialFunctions/MF_SpecGlossToMetalRoughness.uexp" 538
"../../../Engine/Plugins/Interchange/Runtime/Content/gltf/M_Transmission.uasset" 539
"../../../Engine/Plugins/Interchange/Runtime/Content/gltf/M_Transmission.uexp" 540
"../../../Engine/Plugins/Interchange/Runtime/Content/gltf/MaterialInstances_MR/MI_Transmission_TS.uasset" 541
"../../../Engine/Plugins/Interchange/Runtime/Content/gltf/MaterialInstances_MR/MI_Transmission_TS.uexp" 542
"../../../Engine/Plugins/Interchange/Runtime/Content/gltf/MaterialInstances_MR/MI_Transmission.uasset" 543
"../../../Engine/Plugins/Interchange/Runtime/Content/gltf/MaterialInstances_MR/MI_Transmission.uexp" 544
"../../../Engine/Plugins/Interchange/Runtime/Content/gltf/MaterialFunctions/MF_Clearcoat.uasset" 545
"../../../Engine/Plugins/Interchange/Runtime/Content/gltf/MaterialFunctions/MF_Clearcoat.uexp" 546
"../../../Engine/Plugins/Interchange/Runtime/Content/gltf/MaterialFunctions/MF_Emissive.uasset" 547
"../../../Engine/Plugins/Interchange/Runtime/Content/gltf/MaterialFunctions/MF_Emissive.uexp" 548
"../../../Engine/Plugins/Interchange/Runtime/Content/gltf/M_Translucent.uasset" 549
"../../../Engine/Plugins/Interchange/Runtime/Content/gltf/M_Translucent.uexp" 550
"../../../Engine/Plugins/Interchange/Runtime/Content/gltf/MaterialInstances_MR/MI_Translucent_TS.uasset" 551
"../../../Engine/Plugins/Interchange/Runtime/Content/gltf/MaterialInstances_MR/MI_Translucent_TS.uexp" 552
"../../../Engine/Plugins/Interchange/Runtime/Content/gltf/MaterialInstances_MR/MI_Translucent_ClearCoat_TS.uasset" 553
"../../../Engine/Plugins/Interchange/Runtime/Content/gltf/MaterialInstances_MR/MI_Translucent_ClearCoat_TS.uexp" 554
"../../../Engine/Plugins/Interchange/Runtime/Content/gltf/MaterialInstances_MR/MI_Translucent_ClearCoat.uasset" 555
"../../../Engine/Plugins/Interchange/Runtime/Content/gltf/MaterialInstances_MR/MI_Translucent_ClearCoat.uexp" 556
"../../../Engine/Plugins/Interchange/Runtime/Content/gltf/MaterialInstances_MR/MI_Translucent.uasset" 557
"../../../Engine/Plugins/Interchange/Runtime/Content/gltf/MaterialInstances_MR/MI_Translucent.uexp" 558
"../../../Engine/Plugins/Interchange/Runtime/Content/gltf/M_Unlit.uasset" 559
"../../../Engine/Plugins/Interchange/Runtime/Content/gltf/M_Unlit.uexp" 560
"../../../Engine/Plugins/Interchange/Runtime/Content/gltf/MaterialInstances_MR/MI_Opaque_Unlit_TS.uasset" 561
"../../../Engine/Plugins/Interchange/Runtime/Content/gltf/MaterialInstances_MR/MI_Opaque_Unlit_TS.uexp" 562
"../../../Engine/Plugins/Interchange/Runtime/Content/gltf/MaterialInstances_MR/MI_Opaque_Unlit.uasset" 563
"../../../Engine/Plugins/Interchange/Runtime/Content/gltf/MaterialInstances_MR/MI_Opaque_Unlit.uexp" 564
"../../../Engine/Plugins/Interchange/Runtime/Content/gltf/M_Opaque.uasset" 565
"../../../Engine/Plugins/Interchange/Runtime/Content/gltf/M_Opaque.uexp" 566
"../../../Engine/Plugins/Interchange/Runtime/Content/gltf/MaterialInstances_MR/MI_Opaque_TS.uasset" 567
"../../../Engine/Plugins/Interchange/Runtime/Content/gltf/MaterialInstances_MR/MI_Opaque_TS.uexp" 568
"../../../Engine/Plugins/Interchange/Runtime/Content/gltf/MaterialFunctions/MF_Sheen.uasset" 569
"../../../Engine/Plugins/Interchange/Runtime/Content/gltf/MaterialFunctions/MF_Sheen.uexp" 570
"../../../Engine/Content/Functions/Engine_MaterialFunctions01/Shading/FuzzyShading.uasset" 571
"../../../Engine/Content/Functions/Engine_MaterialFunctions01/Shading/FuzzyShading.uexp" 572
"../../../Engine/Plugins/Interchange/Runtime/Content/gltf/M_Sheen.uasset" 573
"../../../Engine/Plugins/Interchange/Runtime/Content/gltf/M_Sheen.uexp" 574
"../../../Engine/Plugins/Interchange/Runtime/Content/gltf/MaterialInstances_MR/MI_Opaque_Sheen_TS.uasset" 575
"../../../Engine/Plugins/Interchange/Runtime/Content/gltf/MaterialInstances_MR/MI_Opaque_Sheen_TS.uexp" 576
"../../../Engine/Plugins/Interchange/Runtime/Content/gltf/MaterialInstances_MR/MI_Opaque_Sheen.uasset" 577
"../../../Engine/Plugins/Interchange/Runtime/Content/gltf/MaterialInstances_MR/MI_Opaque_Sheen.uexp" 578
"../../../Engine/Plugins/Interchange/Runtime/Content/gltf/MaterialInstances_MR/MI_Opaque_ClearCoat_TS.uasset" 579
"../../../Engine/Plugins/Interchange/Runtime/Content/gltf/MaterialInstances_MR/MI_Opaque_ClearCoat_TS.uexp" 580
"../../../Engine/Plugins/Interchange/Runtime/Content/gltf/MaterialInstances_MR/MI_Opaque_ClearCoat.uasset" 581
"../../../Engine/Plugins/Interchange/Runtime/Content/gltf/MaterialInstances_MR/MI_Opaque_ClearCoat.uexp" 582
"../../../Engine/Plugins/Interchange/Runtime/Content/gltf/MaterialInstances_MR/MI_Opaque.uasset" 583
"../../../Engine/Plugins/Interchange/Runtime/Content/gltf/MaterialInstances_MR/MI_Opaque.uexp" 584
"../../../Engine/Plugins/Interchange/Runtime/Content/gltf/MaterialInstances_SG/MI_Transmission_TS.uasset" 585
"../../../Engine/Plugins/Interchange/Runtime/Content/gltf/MaterialInstances_SG/MI_Transmission_TS.uexp" 586
"../../../Engine/Plugins/Interchange/Runtime/Content/gltf/MaterialInstances_SG/MI_Transmission.uasset" 587
"../../../Engine/Plugins/Interchange/Runtime/Content/gltf/MaterialInstances_SG/MI_Transmission.uexp" 588
"../../../Engine/Plugins/Interchange/Runtime/Content/gltf/MaterialInstances_SG/MI_Translucent_TS.uasset" 589
"../../../Engine/Plugins/Interchange/Runtime/Content/gltf/MaterialInstances_SG/MI_Translucent_TS.uexp" 590
"../../../Engine/Plugins/Interchange/Runtime/Content/gltf/MaterialInstances_SG/MI_Translucent_ClearCoat_TS.uasset" 591
"../../../Engine/Plugins/Interchange/Runtime/Content/gltf/MaterialInstances_SG/MI_Translucent_ClearCoat_TS.uexp" 592
"../../../Engine/Plugins/Interchange/Runtime/Content/gltf/MaterialInstances_SG/MI_Translucent_ClearCoat.uasset" 593
"../../../Engine/Plugins/Interchange/Runtime/Content/gltf/MaterialInstances_SG/MI_Translucent_ClearCoat.uexp" 594
"../../../Engine/Plugins/Interchange/Runtime/Content/gltf/MaterialInstances_SG/MI_Translucent.uasset" 595
"../../../Engine/Plugins/Interchange/Runtime/Content/gltf/MaterialInstances_SG/MI_Translucent.uexp" 596
"../../../Engine/Plugins/Interchange/Runtime/Content/gltf/MaterialInstances_SG/MI_Opaque_TS.uasset" 597
"../../../Engine/Plugins/Interchange/Runtime/Content/gltf/MaterialInstances_SG/MI_Opaque_TS.uexp" 598
"../../../Engine/Plugins/Interchange/Runtime/Content/gltf/MaterialInstances_SG/MI_Opaque_Sheen_TS.uasset" 599
"../../../Engine/Plugins/Interchange/Runtime/Content/gltf/MaterialInstances_SG/MI_Opaque_Sheen_TS.uexp" 600
"../../../Engine/Plugins/Interchange/Runtime/Content/gltf/MaterialInstances_SG/MI_Opaque_Sheen.uasset" 601
"../../../Engine/Plugins/Interchange/Runtime/Content/gltf/MaterialInstances_SG/MI_Opaque_Sheen.uexp" 602
"../../../Engine/Plugins/Interchange/Runtime/Content/gltf/MaterialInstances_SG/MI_Opaque_ClearCoat_TS.uasset" 603
"../../../Engine/Plugins/Interchange/Runtime/Content/gltf/MaterialInstances_SG/MI_Opaque_ClearCoat_TS.uexp" 604
"../../../Engine/Plugins/Interchange/Runtime/Content/gltf/MaterialInstances_SG/MI_Opaque_ClearCoat.uasset" 605
"../../../Engine/Plugins/Interchange/Runtime/Content/gltf/MaterialInstances_SG/MI_Opaque_ClearCoat.uexp" 606
"../../../Engine/Plugins/Interchange/Runtime/Content/gltf/MaterialInstances_SG/MI_Opaque.uasset" 607
"../../../Engine/Plugins/Interchange/Runtime/Content/gltf/MaterialInstances_SG/MI_Opaque.uexp" 608
"../../../Engine/Plugins/Interchange/Runtime/Content/gltf/Textures/T_Gray_Linear.uasset" 609
"../../../Engine/Plugins/Interchange/Runtime/Content/gltf/Textures/T_Gray_Linear.uexp" 610
"../../../Engine/Plugins/Interchange/Runtime/Content/gltf/Textures/T_Black_srgb.uasset" 611
"../../../Engine/Plugins/Interchange/Runtime/Content/gltf/Textures/T_Black_srgb.uexp" 612
"../../../Engine/Plugins/Interchange/Runtime/Content/Materials/UnlitMaterial.uasset" 613
"../../../Engine/Plugins/Interchange/Runtime/Content/Materials/UnlitMaterial.uexp" 614
"../../../Engine/Content/EngineMaterials/DefaultNormal.ubulk" 615
"../../../Engine/Content/EngineMaterials/DefaultNormal.uasset" 616
"../../../Engine/Content/EngineMaterials/DefaultNormal.uexp" 617
"../../../Engine/Plugins/Interchange/Runtime/Content/Materials/MapOrScalarFunction.uasset" 618
"../../../Engine/Plugins/Interchange/Runtime/Content/Materials/MapOrScalarFunction.uexp" 619
"../../../Engine/Plugins/Interchange/Runtime/Content/Materials/MapOrLinearColorFunction.uasset" 620
"../../../Engine/Plugins/Interchange/Runtime/Content/Materials/MapOrLinearColorFunction.uexp" 621
"../../../Engine/Plugins/Interchange/Runtime/Content/Materials/MapOrColorFunction.uasset" 622
"../../../Engine/Plugins/Interchange/Runtime/Content/Materials/MapOrColorFunction.uexp" 623
"../../../Engine/Plugins/Interchange/Runtime/Content/Materials/CommonMaterial.uasset" 624
"../../../Engine/Plugins/Interchange/Runtime/Content/Materials/CommonMaterial.uexp" 625
"../../../Engine/Plugins/Interchange/Runtime/Content/Materials/PBRSurfaceFunction.uasset" 626
"../../../Engine/Plugins/Interchange/Runtime/Content/Materials/PBRSurfaceFunction.uexp" 627
"../../../Engine/Plugins/Interchange/Runtime/Content/Materials/ThinTranslucentMaterial.uasset" 628
"../../../Engine/Plugins/Interchange/Runtime/Content/Materials/ThinTranslucentMaterial.uexp" 629
"../../../Engine/Plugins/Interchange/Runtime/Content/Materials/SubsurfaceMaterial.uasset" 630
"../../../Engine/Plugins/Interchange/Runtime/Content/Materials/SubsurfaceMaterial.uexp" 631
"../../../Engine/Plugins/Interchange/Runtime/Content/Materials/SheenMaterial.uasset" 632
"../../../Engine/Plugins/Interchange/Runtime/Content/Materials/SheenMaterial.uexp" 633
"../../../Engine/Content/Functions/Engine_MaterialFunctions01/Shading/ConvertFromDiffSpec.uasset" 634
"../../../Engine/Content/Functions/Engine_MaterialFunctions01/Shading/ConvertFromDiffSpec.uexp" 635
"../../../Engine/Plugins/Interchange/Runtime/Content/Materials/PhongSurfaceMaterial.uasset" 636
"../../../Engine/Plugins/Interchange/Runtime/Content/Materials/PhongSurfaceMaterial.uexp" 637
"../../../Engine/Plugins/Interchange/Runtime/Content/Materials/PBRSurfaceMaterial.uasset" 638
"../../../Engine/Plugins/Interchange/Runtime/Content/Materials/PBRSurfaceMaterial.uexp" 639
"../../../Engine/Content/EngineMaterials/FlatNormal.uasset" 640
"../../../Engine/Content/EngineMaterials/FlatNormal.uexp" 641
"../../../Engine/Content/EditorLandscapeResources/WhiteSquareTexture.uasset" 642
"../../../Engine/Content/EditorLandscapeResources/WhiteSquareTexture.uexp" 643
"../../../Engine/Plugins/Interchange/Runtime/Content/Materials/OrenNayerMaterial.uasset" 644
"../../../Engine/Plugins/Interchange/Runtime/Content/Materials/OrenNayerMaterial.uexp" 645
"../../../Engine/Plugins/Interchange/Runtime/Content/Materials/LambertSurfaceMaterial.uasset" 646
"../../../Engine/Plugins/Interchange/Runtime/Content/Materials/LambertSurfaceMaterial.uexp" 647
"../../../Engine/Plugins/Interchange/Runtime/Content/Materials/ClearCoatMaterial.uasset" 648
"../../../Engine/Plugins/Interchange/Runtime/Content/Materials/ClearCoatMaterial.uexp" 649
"../../../Engine/Plugins/Interchange/Runtime/Content/Pipelines/DefaultTexturePipeline.uasset" 650
"../../../Engine/Plugins/Interchange/Runtime/Content/Pipelines/DefaultTexturePipeline.uexp" 651
"../../../Engine/Plugins/Interchange/Runtime/Content/Pipelines/DefaultSceneLevelPipeline.uasset" 652
"../../../Engine/Plugins/Interchange/Runtime/Content/Pipelines/DefaultSceneLevelPipeline.uexp" 653
"../../../Engine/Plugins/Interchange/Runtime/Content/Pipelines/DefaultSceneAssetsPipeline.uasset" 654
"../../../Engine/Plugins/Interchange/Runtime/Content/Pipelines/DefaultSceneAssetsPipeline.uexp" 655
"../../../Engine/Plugins/Interchange/Runtime/Content/Pipelines/DefaultMaterialPipeline.uasset" 656
"../../../Engine/Plugins/Interchange/Runtime/Content/Pipelines/DefaultMaterialPipeline.uexp" 657
"../../../Engine/Plugins/Interchange/Runtime/Content/Pipelines/DefaultAssetsPipeline.uasset" 658
"../../../Engine/Plugins/Interchange/Runtime/Content/Pipelines/DefaultAssetsPipeline.uexp" 659
"../../../Engine/Content/EngineResources/DefaultTexture.ubulk" 660
"../../../Engine/Content/EngineResources/DefaultTexture.uasset" 661
"../../../Engine/Content/EngineResources/DefaultTexture.uexp" 662
"../../../Engine/Plugins/Runtime/AR/ARUtilities/Content/Materials/MF_DistanceColorLerp.uasset" 663
"../../../Engine/Plugins/Runtime/AR/ARUtilities/Content/Materials/MF_DistanceColorLerp.uexp" 664
"../../../Engine/Plugins/Runtime/AR/ARUtilities/Content/Materials/M_DepthColoration.uasset" 665
"../../../Engine/Plugins/Runtime/AR/ARUtilities/Content/Materials/M_DepthColoration.uexp" 666
"../../../Engine/Plugins/Runtime/AR/ARUtilities/Content/Materials/DummyExternalTexture.uasset" 667
"../../../Engine/Plugins/Runtime/AR/ARUtilities/Content/Materials/DummyExternalTexture.uexp" 668
"../../../Engine/Plugins/Runtime/AR/ARUtilities/Content/Materials/M_ScreenSpacePassthroughCamera.uasset" 669
"../../../Engine/Plugins/Runtime/AR/ARUtilities/Content/Materials/M_ScreenSpacePassthroughCamera.uexp" 670
"../../../Engine/Plugins/Runtime/AR/ARUtilities/Content/Materials/MI_ScreenSpacePassthroughCameraExternalTexture.uasset" 671
"../../../Engine/Plugins/Runtime/AR/ARUtilities/Content/Materials/MI_ScreenSpacePassthroughCameraExternalTexture.uexp" 672
"../../../Engine/Plugins/Runtime/AR/ARUtilities/Content/Materials/M_PassthroughCamera.uasset" 673
"../../../Engine/Plugins/Runtime/AR/ARUtilities/Content/Materials/M_PassthroughCamera.uexp" 674
"../../../Engine/Plugins/Runtime/AR/ARUtilities/Content/Materials/MI_PassthroughCameraExternalTexture.uasset" 675
"../../../Engine/Plugins/Runtime/AR/ARUtilities/Content/Materials/MI_PassthroughCameraExternalTexture.uexp" 676
"../../../Engine/Plugins/Runtime/AR/Google/GoogleARCore/Content/M_SceneDepthOcclusion.uasset" 677
"../../../Engine/Plugins/Runtime/AR/Google/GoogleARCore/Content/M_SceneDepthOcclusion.uexp" 678
"../../../Engine/Plugins/Runtime/MeshModelingToolset/Content/Materials/M_DynamicMeshComponentVtxColor.uasset" 679
"../../../Engine/Plugins/Runtime/MeshModelingToolset/Content/Materials/M_DynamicMeshComponentVtxColor.uexp" 680
"../../../Engine/Content/Maps/Entry_BuiltData.uasset" 681
"../../../Engine/Content/Maps/Entry_BuiltData.uexp" 682
"../../../Engine/Content/Maps/Entry.uexp" 683
"../../../Engine/Content/Maps/Entry.umap" 684
"../../../Engine/Content/BasicShapes/Plane.uasset" 685
"../../../Engine/Content/BasicShapes/Plane.uexp" 686
"C:/Users/makem/Documents/GitHub/ARApp5_1Version/Content/AfricanAnimalsPack/Hippopotamus/Meshes/SK_Hippopotamus_Skeleton.uasset" 687
"C:/Users/makem/Documents/GitHub/ARApp5_1Version/Content/AfricanAnimalsPack/Hippopotamus/Meshes/SK_Hippopotamus_Skeleton.uexp" 688
"C:/Users/makem/Documents/GitHub/ARApp5_1Version/Content/AfricanAnimalsPack/Hippopotamus/Animations/ANIM_Hippopotamus_IdleLookAroundAndEat.uasset" 689
"C:/Users/makem/Documents/GitHub/ARApp5_1Version/Content/AfricanAnimalsPack/Hippopotamus/Animations/ANIM_Hippopotamus_IdleLookAroundAndEat.uexp" 690
"../../../Engine/Content/BasicShapes/BasicShapeMaterial.uasset" 691
"../../../Engine/Content/BasicShapes/BasicShapeMaterial.uexp" 692
"C:/Users/makem/Documents/GitHub/ARApp5_1Version/Content/Materials/M_Shadow/Textures/T_Shadow.uasset" 693
"C:/Users/makem/Documents/GitHub/ARApp5_1Version/Content/Materials/M_Shadow/Textures/T_Shadow.uexp" 694
"C:/Users/makem/Documents/GitHub/ARApp5_1Version/Content/Materials/M_Shadow/Materials/M_Shadow.uasset" 695
"C:/Users/makem/Documents/GitHub/ARApp5_1Version/Content/Materials/M_Shadow/Materials/M_Shadow.uexp" 696
"C:/Users/makem/Documents/GitHub/ARApp5_1Version/Content/AfricanAnimalsPack/Hippopotamus/Textures/T_Hippopotamus_Specular.uasset" 697
"C:/Users/makem/Documents/GitHub/ARApp5_1Version/Content/AfricanAnimalsPack/Hippopotamus/Textures/T_Hippopotamus_Specular.uexp" 698
"C:/Users/makem/Documents/GitHub/ARApp5_1Version/Content/AfricanAnimalsPack/Hippopotamus/Textures/T_Hippopotamus_OcclusionRoughnessMetallic.ubulk" 699
"C:/Users/makem/Documents/GitHub/ARApp5_1Version/Content/AfricanAnimalsPack/Hippopotamus/Textures/T_Hippopotamus_OcclusionRoughnessMetallic.uasset" 700
"C:/Users/makem/Documents/GitHub/ARApp5_1Version/Content/AfricanAnimalsPack/Hippopotamus/Textures/T_Hippopotamus_OcclusionRoughnessMetallic.uexp" 701
"C:/Users/makem/Documents/GitHub/ARApp5_1Version/Content/AfricanAnimalsPack/Hippopotamus/Textures/T_Hippopotamus_Nml.ubulk" 702
"C:/Users/makem/Documents/GitHub/ARApp5_1Version/Content/AfricanAnimalsPack/Hippopotamus/Textures/T_Hippopotamus_Nml.uasset" 703
"C:/Users/makem/Documents/GitHub/ARApp5_1Version/Content/AfricanAnimalsPack/Hippopotamus/Textures/T_Hippopotamus_Nml.uexp" 704
"C:/Users/makem/Documents/GitHub/ARApp5_1Version/Content/AfricanAnimalsPack/Hippopotamus/Textures/T_Hippopotamus_BaseColor.ubulk" 705
"C:/Users/makem/Documents/GitHub/ARApp5_1Version/Content/AfricanAnimalsPack/Hippopotamus/Textures/T_Hippopotamus_BaseColor.uasset" 706
"C:/Users/makem/Documents/GitHub/ARApp5_1Version/Content/AfricanAnimalsPack/Hippopotamus/Textures/T_Hippopotamus_BaseColor.uexp" 707
"C:/Users/makem/Documents/GitHub/ARApp5_1Version/Content/AfricanAnimalsPack/Hippopotamus/Materials/M_Hippopotamus.uasset" 708
"C:/Users/makem/Documents/GitHub/ARApp5_1Version/Content/AfricanAnimalsPack/Hippopotamus/Materials/M_Hippopotamus.uexp" 709
"C:/Users/makem/Documents/GitHub/ARApp5_1Version/Content/AfricanAnimalsPack/Hippopotamus/Meshes/SK_Hippopotamus_PhysicsAsset.uasset" 710
"C:/Users/makem/Documents/GitHub/ARApp5_1Version/Content/AfricanAnimalsPack/Hippopotamus/Meshes/SK_Hippopotamus_PhysicsAsset.uexp" 711
"C:/Users/makem/Documents/GitHub/ARApp5_1Version/Content/AfricanAnimalsPack/Hippopotamus/Meshes/SK_Hippopotamus.uasset" 712
"C:/Users/makem/Documents/GitHub/ARApp5_1Version/Content/AfricanAnimalsPack/Hippopotamus/Meshes/SK_Hippopotamus.uexp" 713
"C:/Users/makem/Documents/GitHub/ARApp5_1Version/Content/Blueprints/Actors/Crocodile/Hippopotamus.uasset" 714
"C:/Users/makem/Documents/GitHub/ARApp5_1Version/Content/Blueprints/Actors/Crocodile/Hippopotamus.uexp" 715
"C:/Users/makem/Documents/GitHub/ARApp5_1Version/Content/AfricanAnimalsPack/Elephant/Textures/T_Elephant_Specular.uasset" 716
"C:/Users/makem/Documents/GitHub/ARApp5_1Version/Content/AfricanAnimalsPack/Elephant/Textures/T_Elephant_Specular.uexp" 717
"C:/Users/makem/Documents/GitHub/ARApp5_1Version/Content/AfricanAnimalsPack/Elephant/Textures/T_Elephant_BaseColor.ubulk" 718
"C:/Users/makem/Documents/GitHub/ARApp5_1Version/Content/AfricanAnimalsPack/Elephant/Textures/T_Elephant_BaseColor.uasset" 719
"C:/Users/makem/Documents/GitHub/ARApp5_1Version/Content/AfricanAnimalsPack/Elephant/Textures/T_Elephant_BaseColor.uexp" 720
"C:/Users/makem/Documents/GitHub/ARApp5_1Version/Content/AfricanAnimalsPack/Elephant/Textures/T_Elephant_Nml.ubulk" 721
"C:/Users/makem/Documents/GitHub/ARApp5_1Version/Content/AfricanAnimalsPack/Elephant/Textures/T_Elephant_Nml.uasset" 722
"C:/Users/makem/Documents/GitHub/ARApp5_1Version/Content/AfricanAnimalsPack/Elephant/Textures/T_Elephant_Nml.uexp" 723
"C:/Users/makem/Documents/GitHub/ARApp5_1Version/Content/AfricanAnimalsPack/Elephant/Textures/T_Elephant_OcclusionRoughnessMetallic.ubulk" 724
"C:/Users/makem/Documents/GitHub/ARApp5_1Version/Content/AfricanAnimalsPack/Elephant/Textures/T_Elephant_OcclusionRoughnessMetallic.uasset" 725
"C:/Users/makem/Documents/GitHub/ARApp5_1Version/Content/AfricanAnimalsPack/Elephant/Textures/T_Elephant_OcclusionRoughnessMetallic.uexp" 726
"C:/Users/makem/Documents/GitHub/ARApp5_1Version/Content/AfricanAnimalsPack/Elephant/Materials/M_Elephant.uasset" 727
"C:/Users/makem/Documents/GitHub/ARApp5_1Version/Content/AfricanAnimalsPack/Elephant/Materials/M_Elephant.uexp" 728
"C:/Users/makem/Documents/GitHub/ARApp5_1Version/Content/AfricanAnimalsPack/Elephant/Meshes/SK_Elephant_PhysicsAsset.uasset" 729
"C:/Users/makem/Documents/GitHub/ARApp5_1Version/Content/AfricanAnimalsPack/Elephant/Meshes/SK_Elephant_PhysicsAsset.uexp" 730
"C:/Users/makem/Documents/GitHub/ARApp5_1Version/Content/AfricanAnimalsPack/Elephant/Meshes/SK_Elephant_Skeleton.uasset" 731
"C:/Users/makem/Documents/GitHub/ARApp5_1Version/Content/AfricanAnimalsPack/Elephant/Meshes/SK_Elephant_Skeleton.uexp" 732
"C:/Users/makem/Documents/GitHub/ARApp5_1Version/Content/AfricanAnimalsPack/Elephant/Meshes/SK_Elephant.uasset" 733
"C:/Users/makem/Documents/GitHub/ARApp5_1Version/Content/AfricanAnimalsPack/Elephant/Meshes/SK_Elephant.uexp" 734
"C:/Users/makem/Documents/GitHub/ARApp5_1Version/Content/AfricanAnimalsPack/Elephant/Animations/ANIM_Elephant_IdleLookAround.uasset" 735
"C:/Users/makem/Documents/GitHub/ARApp5_1Version/Content/AfricanAnimalsPack/Elephant/Animations/ANIM_Elephant_IdleLookAround.uexp" 736
"C:/Users/makem/Documents/GitHub/ARApp5_1Version/Content/Blueprints/Actors/Crocodile/Elephant.uasset" 737
"C:/Users/makem/Documents/GitHub/ARApp5_1Version/Content/Blueprints/Actors/Crocodile/Elephant.uexp" 738
"C:/Users/makem/Documents/GitHub/ARApp5_1Version/Content/Audio/LionAIVoice.ubulk" 739
"C:/Users/makem/Documents/GitHub/ARApp5_1Version/Content/Audio/LionAIVoice.uasset" 740
"C:/Users/makem/Documents/GitHub/ARApp5_1Version/Content/Audio/LionAIVoice.uexp" 741
"C:/Users/makem/Documents/GitHub/ARApp5_1Version/Content/AfricanAnimalsPack/Zebra/Meshes/SK_Zebra_Skeleton.uasset" 742
"C:/Users/makem/Documents/GitHub/ARApp5_1Version/Content/AfricanAnimalsPack/Zebra/Meshes/SK_Zebra_Skeleton.uexp" 743
"C:/Users/makem/Documents/GitHub/ARApp5_1Version/Content/AfricanAnimalsPack/Zebra/Meshes/SK_Zebra_PhysicsAsset.uasset" 744
"C:/Users/makem/Documents/GitHub/ARApp5_1Version/Content/AfricanAnimalsPack/Zebra/Meshes/SK_Zebra_PhysicsAsset.uexp" 745
"C:/Users/makem/Documents/GitHub/ARApp5_1Version/Content/AfricanAnimalsPack/Zebra/Textures/T_Zebra_BaseColor.ubulk" 746
"C:/Users/makem/Documents/GitHub/ARApp5_1Version/Content/AfricanAnimalsPack/Zebra/Textures/T_Zebra_BaseColor.uasset" 747
"C:/Users/makem/Documents/GitHub/ARApp5_1Version/Content/AfricanAnimalsPack/Zebra/Textures/T_Zebra_BaseColor.uexp" 748
"C:/Users/makem/Documents/GitHub/ARApp5_1Version/Content/AfricanAnimalsPack/Zebra/Textures/T_Zebra_OcclusionRoughnessMetallic.ubulk" 749
"C:/Users/makem/Documents/GitHub/ARApp5_1Version/Content/AfricanAnimalsPack/Zebra/Textures/T_Zebra_OcclusionRoughnessMetallic.uasset" 750
"C:/Users/makem/Documents/GitHub/ARApp5_1Version/Content/AfricanAnimalsPack/Zebra/Textures/T_Zebra_OcclusionRoughnessMetallic.uexp" 751
"C:/Users/makem/Documents/GitHub/ARApp5_1Version/Content/AfricanAnimalsPack/Zebra/Textures/T_Zebra_Transparency.ubulk" 752
"C:/Users/makem/Documents/GitHub/ARApp5_1Version/Content/AfricanAnimalsPack/Zebra/Textures/T_Zebra_Transparency.uasset" 753
"C:/Users/makem/Documents/GitHub/ARApp5_1Version/Content/AfricanAnimalsPack/Zebra/Textures/T_Zebra_Transparency.uexp" 754
"C:/Users/makem/Documents/GitHub/ARApp5_1Version/Content/AfricanAnimalsPack/Zebra/Textures/T_Zebra_Specular.uasset" 755
"C:/Users/makem/Documents/GitHub/ARApp5_1Version/Content/AfricanAnimalsPack/Zebra/Textures/T_Zebra_Specular.uexp" 756
"C:/Users/makem/Documents/GitHub/ARApp5_1Version/Content/AfricanAnimalsPack/Zebra/Textures/T_Zebra_Nml.ubulk" 757
"C:/Users/makem/Documents/GitHub/ARApp5_1Version/Content/AfricanAnimalsPack/Zebra/Textures/T_Zebra_Nml.uasset" 758
"C:/Users/makem/Documents/GitHub/ARApp5_1Version/Content/AfricanAnimalsPack/Zebra/Textures/T_Zebra_Nml.uexp" 759
"C:/Users/makem/Documents/GitHub/ARApp5_1Version/Content/AfricanAnimalsPack/Zebra/Materials/M_Zebra.uasset" 760
"C:/Users/makem/Documents/GitHub/ARApp5_1Version/Content/AfricanAnimalsPack/Zebra/Materials/M_Zebra.uexp" 761
"C:/Users/makem/Documents/GitHub/ARApp5_1Version/Content/AfricanAnimalsPack/Zebra/Meshes/SK_Zebra.uasset" 762
"C:/Users/makem/Documents/GitHub/ARApp5_1Version/Content/AfricanAnimalsPack/Zebra/Meshes/SK_Zebra.uexp" 763
"C:/Users/makem/Documents/GitHub/ARApp5_1Version/Content/AfricanAnimalsPack/Zebra/Animations/ANIM_Zebra_Gallop.uasset" 764
"C:/Users/makem/Documents/GitHub/ARApp5_1Version/Content/AfricanAnimalsPack/Zebra/Animations/ANIM_Zebra_Gallop.uexp" 765
"C:/Users/makem/Documents/GitHub/ARApp5_1Version/Content/Blueprints/Actors/Crocodile/Zebra.uasset" 766
"C:/Users/makem/Documents/GitHub/ARApp5_1Version/Content/Blueprints/Actors/Crocodile/Zebra.uexp" 767
"C:/Users/makem/Documents/GitHub/ARApp5_1Version/Content/Audio/CrocodileAIVoice.ubulk" 768
"C:/Users/makem/Documents/GitHub/ARApp5_1Version/Content/Audio/CrocodileAIVoice.uasset" 769
"C:/Users/makem/Documents/GitHub/ARApp5_1Version/Content/Audio/CrocodileAIVoice.uexp" 770
"C:/Users/makem/Documents/GitHub/ARApp5_1Version/Content/AfricanAnimalsPack/LionAndLioness/Meshes/SK_Lion_LOD0_Skeleton.uasset" 771
"C:/Users/makem/Documents/GitHub/ARApp5_1Version/Content/AfricanAnimalsPack/LionAndLioness/Meshes/SK_Lion_LOD0_Skeleton.uexp" 772
"C:/Users/makem/Documents/GitHub/ARApp5_1Version/Content/AfricanAnimalsPack/LionAndLioness/Animations/ANIM_Lion_Run.uasset" 773
"C:/Users/makem/Documents/GitHub/ARApp5_1Version/Content/AfricanAnimalsPack/LionAndLioness/Animations/ANIM_Lion_Run.uexp" 774
"C:/Users/makem/Documents/GitHub/ARApp5_1Version/Content/AfricanAnimalsPack/LionAndLioness/Meshes/SK_Lion_LOD0_PhysicsAsset.uasset" 775
"C:/Users/makem/Documents/GitHub/ARApp5_1Version/Content/AfricanAnimalsPack/LionAndLioness/Meshes/SK_Lion_LOD0_PhysicsAsset.uexp" 776
"C:/Users/makem/Documents/GitHub/ARApp5_1Version/Content/AfricanAnimalsPack/LionAndLioness/Textures/T_Lion_Specular.uasset" 777
"C:/Users/makem/Documents/GitHub/ARApp5_1Version/Content/AfricanAnimalsPack/LionAndLioness/Textures/T_Lion_Specular.uexp" 778
"C:/Users/makem/Documents/GitHub/ARApp5_1Version/Content/AfricanAnimalsPack/LionAndLioness/Textures/T_Lioness_Nml.ubulk" 779
"C:/Users/makem/Documents/GitHub/ARApp5_1Version/Content/AfricanAnimalsPack/LionAndLioness/Textures/T_Lioness_Nml.uasset" 780
"C:/Users/makem/Documents/GitHub/ARApp5_1Version/Content/AfricanAnimalsPack/LionAndLioness/Textures/T_Lioness_Nml.uexp" 781
"C:/Users/makem/Documents/GitHub/ARApp5_1Version/Content/AfricanAnimalsPack/LionAndLioness/Textures/T_Lioness_OcclusionRoughnessMetallic.ubulk" 782
"C:/Users/makem/Documents/GitHub/ARApp5_1Version/Content/AfricanAnimalsPack/LionAndLioness/Textures/T_Lioness_OcclusionRoughnessMetallic.uasset" 783
"C:/Users/makem/Documents/GitHub/ARApp5_1Version/Content/AfricanAnimalsPack/LionAndLioness/Textures/T_Lioness_OcclusionRoughnessMetallic.uexp" 784
"C:/Users/makem/Documents/GitHub/ARApp5_1Version/Content/AfricanAnimalsPack/LionAndLioness/Textures/T_Lioness_BaseColor.ubulk" 785
"C:/Users/makem/Documents/GitHub/ARApp5_1Version/Content/AfricanAnimalsPack/LionAndLioness/Textures/T_Lioness_BaseColor.uasset" 786
"C:/Users/makem/Documents/GitHub/ARApp5_1Version/Content/AfricanAnimalsPack/LionAndLioness/Textures/T_Lioness_BaseColor.uexp" 787
"C:/Users/makem/Documents/GitHub/ARApp5_1Version/Content/AfricanAnimalsPack/LionAndLioness/Materials/M_LionessFur.uasset" 788
"C:/Users/makem/Documents/GitHub/ARApp5_1Version/Content/AfricanAnimalsPack/LionAndLioness/Materials/M_LionessFur.uexp" 789
"C:/Users/makem/Documents/GitHub/ARApp5_1Version/Content/AfricanAnimalsPack/LionAndLioness/Materials/M_Lioness.uasset" 790
"C:/Users/makem/Documents/GitHub/ARApp5_1Version/Content/AfricanAnimalsPack/LionAndLioness/Materials/M_Lioness.uexp" 791
"C:/Users/makem/Documents/GitHub/ARApp5_1Version/Content/AfricanAnimalsPack/LionAndLioness/Meshes/SK_Lioness_LOD0.uasset" 792
"C:/Users/makem/Documents/GitHub/ARApp5_1Version/Content/AfricanAnimalsPack/LionAndLioness/Meshes/SK_Lioness_LOD0.uexp" 793
"C:/Users/makem/Documents/GitHub/ARApp5_1Version/Content/Blueprints/Actors/Crocodile/Lioness.uasset" 794
"C:/Users/makem/Documents/GitHub/ARApp5_1Version/Content/Blueprints/Actors/Crocodile/Lioness.uexp" 795
"C:/Users/makem/Documents/GitHub/ARApp5_1Version/Content/AfricanAnimalsPack/Crocodile/Textures/T_Crocodile_Specular.uasset" 796
"C:/Users/makem/Documents/GitHub/ARApp5_1Version/Content/AfricanAnimalsPack/Crocodile/Textures/T_Crocodile_Specular.uexp" 797
"C:/Users/makem/Documents/GitHub/ARApp5_1Version/Content/UIImages/MainPage.uasset" 798
"C:/Users/makem/Documents/GitHub/ARApp5_1Version/Content/UIImages/MainPage.uexp" 799
"C:/Users/makem/Documents/GitHub/ARApp5_1Version/Content/BookPages/Lioness.uasset" 800
"C:/Users/makem/Documents/GitHub/ARApp5_1Version/Content/BookPages/Lioness.uexp" 801
"C:/Users/makem/Documents/GitHub/ARApp5_1Version/Content/Kamonwan/Image/BookPages/Crocodile.uasset" 802
"C:/Users/makem/Documents/GitHub/ARApp5_1Version/Content/Kamonwan/Image/BookPages/Crocodile.uexp" 803
"C:/Users/makem/Documents/GitHub/ARApp5_1Version/Content/Kamonwan/Image/BookPages/CrocodileDescription.uasset" 804
"C:/Users/makem/Documents/GitHub/ARApp5_1Version/Content/Kamonwan/Image/BookPages/CrocodileDescription.uexp" 805
"C:/Users/makem/Documents/GitHub/ARApp5_1Version/Content/BookPages/ARAnimals.uasset" 806
"C:/Users/makem/Documents/GitHub/ARApp5_1Version/Content/BookPages/ARAnimals.uexp" 807
"C:/Users/makem/Documents/GitHub/ARApp5_1Version/Content/BookPages/LionessDescription.uasset" 808
"C:/Users/makem/Documents/GitHub/ARApp5_1Version/Content/BookPages/LionessDescription.uexp" 809
"C:/Users/makem/Documents/GitHub/ARApp5_1Version/Content/Kamonwan/Image/BookPages/Lion.uasset" 810
"C:/Users/makem/Documents/GitHub/ARApp5_1Version/Content/Kamonwan/Image/BookPages/Lion.uexp" 811
"C:/Users/makem/Documents/GitHub/ARApp5_1Version/Content/Kamonwan/Image/8020333.uasset" 812
"C:/Users/makem/Documents/GitHub/ARApp5_1Version/Content/Kamonwan/Image/8020333.uexp" 813
"C:/Users/makem/Documents/GitHub/ARApp5_1Version/Content/BookPages/Rhino.uasset" 814
"C:/Users/makem/Documents/GitHub/ARApp5_1Version/Content/BookPages/Rhino.uexp" 815
"C:/Users/makem/Documents/GitHub/ARApp5_1Version/Content/Kamonwan/Image/BookPages/LionDescription.uasset" 816
"C:/Users/makem/Documents/GitHub/ARApp5_1Version/Content/Kamonwan/Image/BookPages/LionDescription.uexp" 817
"C:/Users/makem/Documents/GitHub/ARApp5_1Version/Content/Kamonwan/Image/BookPages/RhinocerosDescription.uasset" 818
"C:/Users/makem/Documents/GitHub/ARApp5_1Version/Content/Kamonwan/Image/BookPages/RhinocerosDescription.uexp" 819
"C:/Users/makem/Documents/GitHub/ARApp5_1Version/Content/BookPages/Elephant.uasset" 820
"C:/Users/makem/Documents/GitHub/ARApp5_1Version/Content/BookPages/Elephant.uexp" 821
"C:/Users/makem/Documents/GitHub/ARApp5_1Version/Content/Kamonwan/Image/BookPages/ZebraDescription.uasset" 822
"C:/Users/makem/Documents/GitHub/ARApp5_1Version/Content/Kamonwan/Image/BookPages/ZebraDescription.uexp" 823
"C:/Users/makem/Documents/GitHub/ARApp5_1Version/Content/BookPages/HippopotamusDescription.uasset" 824
"C:/Users/makem/Documents/GitHub/ARApp5_1Version/Content/BookPages/HippopotamusDescription.uexp" 825
"C:/Users/makem/Documents/GitHub/ARApp5_1Version/Content/BookPages/Hippo.uasset" 826
"C:/Users/makem/Documents/GitHub/ARApp5_1Version/Content/BookPages/Hippo.uexp" 827
"C:/Users/makem/Documents/GitHub/ARApp5_1Version/Content/UIImages/StartButton.uasset" 828
"C:/Users/makem/Documents/GitHub/ARApp5_1Version/Content/UIImages/StartButton.uexp" 829
"C:/Users/makem/Documents/GitHub/ARApp5_1Version/Content/Blueprints/DataAssetsSafari/Rhino.uasset" 830
"C:/Users/makem/Documents/GitHub/ARApp5_1Version/Content/Blueprints/DataAssetsSafari/Rhino.uexp" 831
"C:/Users/makem/Documents/GitHub/ARApp5_1Version/Content/Blueprints/DataAssetsSafari/Lioness.uasset" 832
"C:/Users/makem/Documents/GitHub/ARApp5_1Version/Content/Blueprints/DataAssetsSafari/Lioness.uexp" 833
"C:/Users/makem/Documents/GitHub/ARApp5_1Version/Content/BookPages/Crocodile.uasset" 834
"C:/Users/makem/Documents/GitHub/ARApp5_1Version/Content/BookPages/Crocodile.uexp" 835
"C:/Users/makem/Documents/GitHub/ARApp5_1Version/Content/Blueprints/DataAssetsSafari/CrocodileDA.uasset" 836
"C:/Users/makem/Documents/GitHub/ARApp5_1Version/Content/Blueprints/DataAssetsSafari/CrocodileDA.uexp" 837
"C:/Users/makem/Documents/GitHub/ARApp5_1Version/Content/Blueprints/DataAssetsSafari/Elephant.uasset" 838
"C:/Users/makem/Documents/GitHub/ARApp5_1Version/Content/Blueprints/DataAssetsSafari/Elephant.uexp" 839
"C:/Users/makem/Documents/GitHub/ARApp5_1Version/Content/BookPages/Zebra.uasset" 840
"C:/Users/makem/Documents/GitHub/ARApp5_1Version/Content/BookPages/Zebra.uexp" 841
"C:/Users/makem/Documents/GitHub/ARApp5_1Version/Content/Blueprints/DataAssetsSafari/Zebra.uasset" 842
"C:/Users/makem/Documents/GitHub/ARApp5_1Version/Content/Blueprints/DataAssetsSafari/Zebra.uexp" 843
"C:/Users/makem/Documents/GitHub/ARApp5_1Version/Content/BookPages/Lion.uasset" 844
"C:/Users/makem/Documents/GitHub/ARApp5_1Version/Content/BookPages/Lion.uexp" 845
"C:/Users/makem/Documents/GitHub/ARApp5_1Version/Content/Blueprints/DataAssetsSafari/Lion.uasset" 846
"C:/Users/makem/Documents/GitHub/ARApp5_1Version/Content/Blueprints/DataAssetsSafari/Lion.uexp" 847
"C:/Users/makem/Documents/GitHub/ARApp5_1Version/Content/Blueprints/DataAssetsSafari/Hippo.uasset" 848
"C:/Users/makem/Documents/GitHub/ARApp5_1Version/Content/Blueprints/DataAssetsSafari/Hippo.uexp" 849
"C:/Users/makem/Documents/GitHub/ARApp5_1Version/Content/Blueprints/DataAssetsSafari/SafariAR.uasset" 850
"C:/Users/makem/Documents/GitHub/ARApp5_1Version/Content/Blueprints/DataAssetsSafari/SafariAR.uexp" 851
"C:/Users/makem/Documents/GitHub/ARApp5_1Version/Content/UIImages/back.uasset" 852
"C:/Users/makem/Documents/GitHub/ARApp5_1Version/Content/UIImages/back.uexp" 853
"C:/Users/makem/Documents/GitHub/ARApp5_1Version/Content/Kamonwan/Image/BookPages/Zebra.uasset" 854
"C:/Users/makem/Documents/GitHub/ARApp5_1Version/Content/Kamonwan/Image/BookPages/Zebra.uexp" 855
"C:/Users/makem/Documents/GitHub/ARApp5_1Version/Content/Kamonwan/Image/Button/Button18.uasset" 856
"C:/Users/makem/Documents/GitHub/ARApp5_1Version/Content/Kamonwan/Image/Button/Button18.uexp" 857
"C:/Users/makem/Documents/GitHub/ARApp5_1Version/Content/Kamonwan/Image/BookPages/BookPage.uasset" 858
"C:/Users/makem/Documents/GitHub/ARApp5_1Version/Content/Kamonwan/Image/BookPages/BookPage.uexp" 859
"C:/Users/makem/Documents/GitHub/ARApp5_1Version/Content/Kamonwan/Image/BookPages/ElephantDescription.uasset" 860
"C:/Users/makem/Documents/GitHub/ARApp5_1Version/Content/Kamonwan/Image/BookPages/ElephantDescription.uexp" 861
"C:/Users/makem/Documents/GitHub/ARApp5_1Version/Content/Blueprints/Widget/2ndSafariUI.uasset" 862
"C:/Users/makem/Documents/GitHub/ARApp5_1Version/Content/Blueprints/Widget/2ndSafariUI.uexp" 863
"C:/Users/makem/Documents/GitHub/ARApp5_1Version/Content/Audio/LionessAIVoice.ubulk" 864
"C:/Users/makem/Documents/GitHub/ARApp5_1Version/Content/Audio/LionessAIVoice.uasset" 865
"C:/Users/makem/Documents/GitHub/ARApp5_1Version/Content/Audio/LionessAIVoice.uexp" 866
"C:/Users/makem/Documents/GitHub/ARApp5_1Version/Content/Audio/ZebraAIVoice.ubulk" 867
"C:/Users/makem/Documents/GitHub/ARApp5_1Version/Content/Audio/ZebraAIVoice.uasset" 868
"C:/Users/makem/Documents/GitHub/ARApp5_1Version/Content/Audio/ZebraAIVoice.uexp" 869
"C:/Users/makem/Documents/GitHub/ARApp5_1Version/Content/AfricanAnimalsPack/LionAndLioness/Textures/T_Lion_Nml.ubulk" 870
"C:/Users/makem/Documents/GitHub/ARApp5_1Version/Content/AfricanAnimalsPack/LionAndLioness/Textures/T_Lion_Nml.uasset" 871
"C:/Users/makem/Documents/GitHub/ARApp5_1Version/Content/AfricanAnimalsPack/LionAndLioness/Textures/T_Lion_Nml.uexp" 872
"C:/Users/makem/Documents/GitHub/ARApp5_1Version/Content/AfricanAnimalsPack/LionAndLioness/Textures/T_Lion_OcclusionRoughnessMetallic.ubulk" 873
"C:/Users/makem/Documents/GitHub/ARApp5_1Version/Content/AfricanAnimalsPack/LionAndLioness/Textures/T_Lion_OcclusionRoughnessMetallic.uasset" 874
"C:/Users/makem/Documents/GitHub/ARApp5_1Version/Content/AfricanAnimalsPack/LionAndLioness/Textures/T_Lion_OcclusionRoughnessMetallic.uexp" 875
"C:/Users/makem/Documents/GitHub/ARApp5_1Version/Content/AfricanAnimalsPack/LionAndLioness/Textures/T_Lion_BaseColor.ubulk" 876
"C:/Users/makem/Documents/GitHub/ARApp5_1Version/Content/AfricanAnimalsPack/LionAndLioness/Textures/T_Lion_BaseColor.uasset" 877
"C:/Users/makem/Documents/GitHub/ARApp5_1Version/Content/AfricanAnimalsPack/LionAndLioness/Textures/T_Lion_BaseColor.uexp" 878
"C:/Users/makem/Documents/GitHub/ARApp5_1Version/Content/AfricanAnimalsPack/LionAndLioness/Materials/M_Lion.uasset" 879
"C:/Users/makem/Documents/GitHub/ARApp5_1Version/Content/AfricanAnimalsPack/LionAndLioness/Materials/M_Lion.uexp" 880
"C:/Users/makem/Documents/GitHub/ARApp5_1Version/Content/AfricanAnimalsPack/LionAndLioness/Materials/M_LionFur.uasset" 881
"C:/Users/makem/Documents/GitHub/ARApp5_1Version/Content/AfricanAnimalsPack/LionAndLioness/Materials/M_LionFur.uexp" 882
"C:/Users/makem/Documents/GitHub/ARApp5_1Version/Content/AfricanAnimalsPack/LionAndLioness/Meshes/SK_Lion_LOD0.uasset" 883
"C:/Users/makem/Documents/GitHub/ARApp5_1Version/Content/AfricanAnimalsPack/LionAndLioness/Meshes/SK_Lion_LOD0.uexp" 884
"C:/Users/makem/Documents/GitHub/ARApp5_1Version/Content/AfricanAnimalsPack/LionAndLioness/Animations/ANIM_Lion_Roar.uasset" 885
"C:/Users/makem/Documents/GitHub/ARApp5_1Version/Content/AfricanAnimalsPack/LionAndLioness/Animations/ANIM_Lion_Roar.uexp" 886
"C:/Users/makem/Documents/GitHub/ARApp5_1Version/Content/Blueprints/Actors/Crocodile/Lion.uasset" 887
"C:/Users/makem/Documents/GitHub/ARApp5_1Version/Content/Blueprints/Actors/Crocodile/Lion.uexp" 888
"C:/Users/makem/Documents/GitHub/ARApp5_1Version/Content/AfricanAnimalsPack/Crocodile/Meshes/SK_Crocodile_Skeleton.uasset" 889
"C:/Users/makem/Documents/GitHub/ARApp5_1Version/Content/AfricanAnimalsPack/Crocodile/Meshes/SK_Crocodile_Skeleton.uexp" 890
"C:/Users/makem/Documents/GitHub/ARApp5_1Version/Content/AfricanAnimalsPack/Crocodile/Animations/ANIM_Crocodile_Walk.uasset" 891
"C:/Users/makem/Documents/GitHub/ARApp5_1Version/Content/AfricanAnimalsPack/Crocodile/Animations/ANIM_Crocodile_Walk.uexp" 892
"C:/Users/makem/Documents/GitHub/ARApp5_1Version/Content/AfricanAnimalsPack/Crocodile/Textures/T_Crocodile_BaseColor.ubulk" 893
"C:/Users/makem/Documents/GitHub/ARApp5_1Version/Content/AfricanAnimalsPack/Crocodile/Textures/T_Crocodile_BaseColor.uasset" 894
"C:/Users/makem/Documents/GitHub/ARApp5_1Version/Content/AfricanAnimalsPack/Crocodile/Textures/T_Crocodile_BaseColor.uexp" 895
"C:/Users/makem/Documents/GitHub/ARApp5_1Version/Content/AfricanAnimalsPack/Crocodile/Textures/T_Crocodile_OcclusionRoughnessMetallic.ubulk" 896
"C:/Users/makem/Documents/GitHub/ARApp5_1Version/Content/AfricanAnimalsPack/Crocodile/Textures/T_Crocodile_OcclusionRoughnessMetallic.uasset" 897
"C:/Users/makem/Documents/GitHub/ARApp5_1Version/Content/AfricanAnimalsPack/Crocodile/Textures/T_Crocodile_OcclusionRoughnessMetallic.uexp" 898
"C:/Users/makem/Documents/GitHub/ARApp5_1Version/Content/AfricanAnimalsPack/Crocodile/Textures/T_Crocodile_Nml.ubulk" 899
"C:/Users/makem/Documents/GitHub/ARApp5_1Version/Content/AfricanAnimalsPack/Crocodile/Textures/T_Crocodile_Nml.uasset" 900
"C:/Users/makem/Documents/GitHub/ARApp5_1Version/Content/AfricanAnimalsPack/Crocodile/Textures/T_Crocodile_Nml.uexp" 901
"C:/Users/makem/Documents/GitHub/ARApp5_1Version/Content/AfricanAnimalsPack/Crocodile/Materials/M_Crocodile.uasset" 902
"C:/Users/makem/Documents/GitHub/ARApp5_1Version/Content/AfricanAnimalsPack/Crocodile/Materials/M_Crocodile.uexp" 903
"C:/Users/makem/Documents/GitHub/ARApp5_1Version/Content/AfricanAnimalsPack/Crocodile/Meshes/SK_Crocodile_PhysicsAsset.uasset" 904
"C:/Users/makem/Documents/GitHub/ARApp5_1Version/Content/AfricanAnimalsPack/Crocodile/Meshes/SK_Crocodile_PhysicsAsset.uexp" 905
"C:/Users/makem/Documents/GitHub/ARApp5_1Version/Content/AfricanAnimalsPack/Crocodile/Meshes/SK_Crocodile.uasset" 906
"C:/Users/makem/Documents/GitHub/ARApp5_1Version/Content/AfricanAnimalsPack/Crocodile/Meshes/SK_Crocodile.uexp" 907
"C:/Users/makem/Documents/GitHub/ARApp5_1Version/Content/Blueprints/Actors/Crocodile/Crocodile.uasset" 908
"C:/Users/makem/Documents/GitHub/ARApp5_1Version/Content/Blueprints/Actors/Crocodile/Crocodile.uexp" 909
"C:/Users/makem/Documents/GitHub/ARApp5_1Version/Content/AfricanAnimalsPack/Rhinoceros/Meshes/SK_Rhinoceros_Skeleton.uasset" 910
"C:/Users/makem/Documents/GitHub/ARApp5_1Version/Content/AfricanAnimalsPack/Rhinoceros/Meshes/SK_Rhinoceros_Skeleton.uexp" 911
"C:/Users/makem/Documents/GitHub/ARApp5_1Version/Content/AfricanAnimalsPack/Rhinoceros/Animations/ANIM_Rhinoceros_IdleLookForFood.uasset" 912
"C:/Users/makem/Documents/GitHub/ARApp5_1Version/Content/AfricanAnimalsPack/Rhinoceros/Animations/ANIM_Rhinoceros_IdleLookForFood.uexp" 913
"C:/Users/makem/Documents/GitHub/ARApp5_1Version/Content/AfricanAnimalsPack/Rhinoceros/Meshes/SK_Rhinoceros_PhysicsAsset.uasset" 914
"C:/Users/makem/Documents/GitHub/ARApp5_1Version/Content/AfricanAnimalsPack/Rhinoceros/Meshes/SK_Rhinoceros_PhysicsAsset.uexp" 915
"C:/Users/makem/Documents/GitHub/ARApp5_1Version/Content/AfricanAnimalsPack/Rhinoceros/Textures/T_Rhinoceros_Nml.ubulk" 916
"C:/Users/makem/Documents/GitHub/ARApp5_1Version/Content/AfricanAnimalsPack/Rhinoceros/Textures/T_Rhinoceros_Nml.uasset" 917
"C:/Users/makem/Documents/GitHub/ARApp5_1Version/Content/AfricanAnimalsPack/Rhinoceros/Textures/T_Rhinoceros_Nml.uexp" 918
"C:/Users/makem/Documents/GitHub/ARApp5_1Version/Content/AfricanAnimalsPack/Rhinoceros/Textures/t_Rhinoceros_OcclusionRoughnessMetallic.ubulk" 919
"C:/Users/makem/Documents/GitHub/ARApp5_1Version/Content/AfricanAnimalsPack/Rhinoceros/Textures/t_Rhinoceros_OcclusionRoughnessMetallic.uasset" 920
"C:/Users/makem/Documents/GitHub/ARApp5_1Version/Content/AfricanAnimalsPack/Rhinoceros/Textures/t_Rhinoceros_OcclusionRoughnessMetallic.uexp" 921
"C:/Users/makem/Documents/GitHub/ARApp5_1Version/Content/AfricanAnimalsPack/Rhinoceros/Textures/T_Rhinoceros_Specular.uasset" 922
"C:/Users/makem/Documents/GitHub/ARApp5_1Version/Content/AfricanAnimalsPack/Rhinoceros/Textures/T_Rhinoceros_Specular.uexp" 923
"C:/Users/makem/Documents/GitHub/ARApp5_1Version/Content/AfricanAnimalsPack/Rhinoceros/Textures/T_Rhinoceros_BaseColor.ubulk" 924
"C:/Users/makem/Documents/GitHub/ARApp5_1Version/Content/AfricanAnimalsPack/Rhinoceros/Textures/T_Rhinoceros_BaseColor.uasset" 925
"C:/Users/makem/Documents/GitHub/ARApp5_1Version/Content/AfricanAnimalsPack/Rhinoceros/Textures/T_Rhinoceros_BaseColor.uexp" 926
"C:/Users/makem/Documents/GitHub/ARApp5_1Version/Content/AfricanAnimalsPack/Rhinoceros/Materials/M_Rhinoceros.uasset" 927
"C:/Users/makem/Documents/GitHub/ARApp5_1Version/Content/AfricanAnimalsPack/Rhinoceros/Materials/M_Rhinoceros.uexp" 928
"C:/Users/makem/Documents/GitHub/ARApp5_1Version/Content/AfricanAnimalsPack/Rhinoceros/Meshes/SK_Rhinoceros.uasset" 929
"C:/Users/makem/Documents/GitHub/ARApp5_1Version/Content/AfricanAnimalsPack/Rhinoceros/Meshes/SK_Rhinoceros.uexp" 930
"C:/Users/makem/Documents/GitHub/ARApp5_1Version/Content/Blueprints/Actors/Crocodile/Rhinoceros.uasset" 931
"C:/Users/makem/Documents/GitHub/ARApp5_1Version/Content/Blueprints/Actors/Crocodile/Rhinoceros.uexp" 932
"C:/Users/makem/Documents/GitHub/ARApp5_1Version/Content/Audio/ElephantAIVoice.ubulk" 933
"C:/Users/makem/Documents/GitHub/ARApp5_1Version/Content/Audio/ElephantAIVoice.uasset" 934
"C:/Users/makem/Documents/GitHub/ARApp5_1Version/Content/Audio/ElephantAIVoice.uexp" 935
"../../../Engine/Content/EditorBlueprintResources/StandardMacros.uasset" 936
"../../../Engine/Content/EditorBlueprintResources/StandardMacros.uexp" 937
"C:/Users/makem/Documents/GitHub/ARApp5_1Version/Content/Audio/Rhinoceros.ubulk" 938
"C:/Users/makem/Documents/GitHub/ARApp5_1Version/Content/Audio/Rhinoceros.uasset" 939
"C:/Users/makem/Documents/GitHub/ARApp5_1Version/Content/Audio/Rhinoceros.uexp" 940
"C:/Users/makem/Documents/GitHub/ARApp5_1Version/Content/Audio/Hippopotamus.ubulk" 941
"C:/Users/makem/Documents/GitHub/ARApp5_1Version/Content/Audio/Hippopotamus.uasset" 942
"C:/Users/makem/Documents/GitHub/ARApp5_1Version/Content/Audio/Hippopotamus.uexp" 943
"C:/Users/makem/Documents/GitHub/ARApp5_1Version/Content/Blueprints/SafariCamera/SafariCamera.uasset" 944
"C:/Users/makem/Documents/GitHub/ARApp5_1Version/Content/Blueprints/SafariCamera/SafariCamera.uexp" 945
"C:/Users/makem/Documents/GitHub/ARApp5_1Version/Content/Music/safari.ubulk" 946
"C:/Users/makem/Documents/GitHub/ARApp5_1Version/Content/Music/safari.uasset" 947
"C:/Users/makem/Documents/GitHub/ARApp5_1Version/Content/Music/safari.uexp" 948
"C:/Users/makem/Documents/GitHub/ARApp5_1Version/Content/Safari.uexp" 949
"C:/Users/makem/Documents/GitHub/ARApp5_1Version/Content/Safari.umap" 950
